SF:/mnt/xs1000/me/serverust/serverust-cli/src/commands.rs
FN:93,_RNvNtCs2TNwb7aoYd0_13serverust_cli8commands13doctor_report
FN:152,_RNvNtCs2TNwb7aoYd0_13serverust_cli8commands14tool_available
FN:17,_RNvNtCs2TNwb7aoYd0_13serverust_cli8commands17dev_cargo_command
FN:7,_RNvNtCs2TNwb7aoYd0_13serverust_cli8commands19build_cargo_command
FN:62,_RNvNtCs2TNwb7aoYd0_13serverust_cli8commands22openapi_client_command
FN:37,_RNvNtCs2TNwb7aoYd0_13serverust_cli8commands22openapi_export_command
FN:51,_RNvNtCs2TNwb7aoYd0_13serverust_cli8commands23asyncapi_export_command
FN:24,_RNvNtCs2TNwb7aoYd0_13serverust_cli8commands27deploy_lambda_cargo_command
FN:82,_RNvNtCs2TNwb7aoYd0_13serverust_cli8commands9info_text
FN:156,_RNCNvNtCs2TNwb7aoYd0_13serverust_cli8commands14tool_available0B5_
FN:156,_RNCNvNtCsbK7Ga0YsFSk_13serverust_cli8commands14tool_available0B5_
FN:93,_RNvNtCsbK7Ga0YsFSk_13serverust_cli8commands13doctor_report
FN:152,_RNvNtCsbK7Ga0YsFSk_13serverust_cli8commands14tool_available
FN:17,_RNvNtCsbK7Ga0YsFSk_13serverust_cli8commands17dev_cargo_command
FN:7,_RNvNtCsbK7Ga0YsFSk_13serverust_cli8commands19build_cargo_command
FN:62,_RNvNtCsbK7Ga0YsFSk_13serverust_cli8commands22openapi_client_command
FN:37,_RNvNtCsbK7Ga0YsFSk_13serverust_cli8commands22openapi_export_command
FN:51,_RNvNtCsbK7Ga0YsFSk_13serverust_cli8commands23asyncapi_export_command
FN:24,_RNvNtCsbK7Ga0YsFSk_13serverust_cli8commands27deploy_lambda_cargo_command
FN:82,_RNvNtCsbK7Ga0YsFSk_13serverust_cli8commands9info_text
FNDA:1,_RNvNtCs2TNwb7aoYd0_13serverust_cli8commands13doctor_report
FNDA:2,_RNvNtCs2TNwb7aoYd0_13serverust_cli8commands14tool_available
FNDA:1,_RNvNtCs2TNwb7aoYd0_13serverust_cli8commands17dev_cargo_command
FNDA:2,_RNvNtCs2TNwb7aoYd0_13serverust_cli8commands19build_cargo_command
FNDA:1,_RNvNtCs2TNwb7aoYd0_13serverust_cli8commands22openapi_client_command
FNDA:1,_RNvNtCs2TNwb7aoYd0_13serverust_cli8commands22openapi_export_command
FNDA:1,_RNvNtCs2TNwb7aoYd0_13serverust_cli8commands23asyncapi_export_command
FNDA:2,_RNvNtCs2TNwb7aoYd0_13serverust_cli8commands27deploy_lambda_cargo_command
FNDA:1,_RNvNtCs2TNwb7aoYd0_13serverust_cli8commands9info_text
FNDA:2,_RNCNvNtCs2TNwb7aoYd0_13serverust_cli8commands14tool_available0B5_
FNDA:0,_RNCNvNtCsbK7Ga0YsFSk_13serverust_cli8commands14tool_available0B5_
FNDA:0,_RNvNtCsbK7Ga0YsFSk_13serverust_cli8commands13doctor_report
FNDA:0,_RNvNtCsbK7Ga0YsFSk_13serverust_cli8commands14tool_available
FNDA:0,_RNvNtCsbK7Ga0YsFSk_13serverust_cli8commands17dev_cargo_command
FNDA:0,_RNvNtCsbK7Ga0YsFSk_13serverust_cli8commands19build_cargo_command
FNDA:0,_RNvNtCsbK7Ga0YsFSk_13serverust_cli8commands22openapi_client_command
FNDA:0,_RNvNtCsbK7Ga0YsFSk_13serverust_cli8commands22openapi_export_command
FNDA:0,_RNvNtCsbK7Ga0YsFSk_13serverust_cli8commands23asyncapi_export_command
FNDA:0,_RNvNtCsbK7Ga0YsFSk_13serverust_cli8commands27deploy_lambda_cargo_command
FNDA:0,_RNvNtCsbK7Ga0YsFSk_13serverust_cli8commands9info_text
FNF:10
FNH:10
DA:7,2
DA:8,2
DA:9,2
DA:10,2
DA:11,1
DA:12,1
DA:13,2
DA:14,2
DA:17,1
DA:18,1
DA:19,1
DA:20,1
DA:21,1
DA:24,2
DA:25,2
DA:26,2
DA:27,2
DA:28,1
DA:29,1
DA:31,2
DA:32,2
DA:37,1
DA:38,1
DA:39,1
DA:40,1
DA:41,1
DA:42,1
DA:43,1
DA:44,1
DA:45,1
DA:51,1
DA:52,1
DA:53,1
DA:54,1
DA:55,1
DA:56,1
DA:57,1
DA:58,1
DA:59,1
DA:62,1
DA:63,1
DA:64,1
DA:65,1
DA:66,0
DA:68,1
DA:69,1
DA:70,1
DA:71,1
DA:72,1
DA:73,1
DA:74,1
DA:75,1
DA:76,1
DA:82,1
DA:83,1
DA:84,1
DA:88,1
DA:90,1
DA:93,1
DA:94,1
DA:95,1
DA:96,1
DA:98,1
DA:99,1
DA:101,1
DA:104,1
DA:105,1
DA:106,1
DA:107,0
DA:108,0
DA:110,1
DA:111,1
DA:112,1
DA:113,1
DA:114,3
DA:115,1
DA:116,1
DA:117,1
DA:118,1
DA:119,3
DA:120,3
DA:121,3
DA:122,0
DA:123,0
DA:126,0
DA:128,0
DA:129,0
DA:130,0
DA:132,1
DA:133,1
DA:135,0
DA:137,1
DA:138,0
DA:140,1
DA:143,1
DA:144,0
DA:146,1
DA:149,1
DA:150,1
DA:152,2
DA:153,2
DA:154,2
DA:155,2
DA:156,2
DA:157,2
DA:158,2
BRF:0
BRH:0
LF:107
LH:95
end_of_record
SF:/mnt/xs1000/me/serverust/serverust-cli/src/lib.rs
FN:142,_RNCNvCs2TNwb7aoYd0_13serverust_cli12spawn_status0B3_
FN:128,_RNCNvCs2TNwb7aoYd0_13serverust_cli24require_cargo_subcommand0B3_
FN:73,_RNCNvCs2TNwb7aoYd0_13serverust_cli3run0B3_
FN:101,_RNCNvCs2TNwb7aoYd0_13serverust_cli3runs_0B3_
FN:139,_RNvCs2TNwb7aoYd0_13serverust_cli12spawn_status
FN:123,_RNvCs2TNwb7aoYd0_13serverust_cli24require_cargo_subcommand
FN:38,_RNvCs2TNwb7aoYd0_13serverust_cli3run
FN:142,_RNCNvCsbK7Ga0YsFSk_13serverust_cli12spawn_status0B3_
FN:128,_RNCNvCsbK7Ga0YsFSk_13serverust_cli24require_cargo_subcommand0B3_
FN:73,_RNCNvCsbK7Ga0YsFSk_13serverust_cli3run0B3_
FN:101,_RNCNvCsbK7Ga0YsFSk_13serverust_cli3runs_0B3_
FN:139,_RNvCsbK7Ga0YsFSk_13serverust_cli12spawn_status
FN:123,_RNvCsbK7Ga0YsFSk_13serverust_cli24require_cargo_subcommand
FN:38,_RNvCsbK7Ga0YsFSk_13serverust_cli3run
FNDA:0,_RNCNvCs2TNwb7aoYd0_13serverust_cli12spawn_status0B3_
FNDA:0,_RNCNvCs2TNwb7aoYd0_13serverust_cli24require_cargo_subcommand0B3_
FNDA:0,_RNCNvCs2TNwb7aoYd0_13serverust_cli3run0B3_
FNDA:0,_RNCNvCs2TNwb7aoYd0_13serverust_cli3runs_0B3_
FNDA:0,_RNvCs2TNwb7aoYd0_13serverust_cli12spawn_status
FNDA:0,_RNvCs2TNwb7aoYd0_13serverust_cli24require_cargo_subcommand
FNDA:0,_RNvCs2TNwb7aoYd0_13serverust_cli3run
FNDA:0,_RNCNvCsbK7Ga0YsFSk_13serverust_cli12spawn_status0B3_
FNDA:0,_RNCNvCsbK7Ga0YsFSk_13serverust_cli24require_cargo_subcommand0B3_
FNDA:0,_RNCNvCsbK7Ga0YsFSk_13serverust_cli3run0B3_
FNDA:0,_RNCNvCsbK7Ga0YsFSk_13serverust_cli3runs_0B3_
FNDA:0,_RNvCsbK7Ga0YsFSk_13serverust_cli12spawn_status
FNDA:0,_RNvCsbK7Ga0YsFSk_13serverust_cli24require_cargo_subcommand
FNDA:0,_RNvCsbK7Ga0YsFSk_13serverust_cli3run
FNF:7
FNH:0
DA:38,0
DA:39,0
DA:40,0
DA:41,0
DA:42,0
DA:43,0
DA:44,0
DA:46,0
DA:47,0
DA:48,0
DA:49,0
DA:50,0
DA:53,0
DA:54,0
DA:56,0
DA:57,0
DA:58,0
DA:59,0
DA:60,0
DA:61,0
DA:62,0
DA:63,0
DA:66,0
DA:67,0
DA:68,0
DA:71,0
DA:72,0
DA:73,0
DA:74,0
DA:75,0
DA:76,0
DA:79,0
DA:80,0
DA:84,0
DA:85,0
DA:86,0
DA:88,0
DA:89,0
DA:90,0
DA:92,0
DA:93,0
DA:94,0
DA:97,0
DA:98,0
DA:99,0
DA:100,0
DA:101,0
DA:102,0
DA:103,0
DA:104,0
DA:105,0
DA:106,0
DA:108,0
DA:109,0
DA:110,0
DA:111,0
DA:116,0
DA:123,0
DA:124,0
DA:125,0
DA:126,0
DA:127,0
DA:128,0
DA:129,0
DA:130,0
DA:131,0
DA:132,0
DA:133,0
DA:137,0
DA:139,0
DA:140,0
DA:141,0
DA:142,0
DA:143,0
DA:144,0
DA:145,0
DA:146,0
DA:147,0
BRF:0
BRH:0
LF:82
LH:0
end_of_record
SF:/mnt/xs1000/me/serverust/serverust-cli/src/main.rs
FN:5,_RNvCsczU5K17NnVe_9serverust4main
FN:5,_RNvCs628qkY0SuZQ_9serverust4main
FNDA:0,_RNvCsczU5K17NnVe_9serverust4main
FNDA:0,_RNvCs628qkY0SuZQ_9serverust4main
FNF:1
FNH:0
DA:5,0
DA:6,0
DA:7,0
DA:8,0
DA:9,0
DA:10,0
DA:11,0
BRF:0
BRH:0
LF:7
LH:0
end_of_record
SF:/mnt/xs1000/me/serverust/serverust-cli/src/queue.rs
FN:54,_RNCNvNtCs2TNwb7aoYd0_13serverust_cli5queue15format_messages0B5_
FN:23,_RNvNtCs2TNwb7aoYd0_13serverust_cli5queue14format_inspect
FN:44,_RNvNtCs2TNwb7aoYd0_13serverust_cli5queue15format_messages
FN:66,_RNvNtCs2TNwb7aoYd0_13serverust_cli5queue3row
FN:70,_RNvNtCs2TNwb7aoYd0_13serverust_cli5queue8truncate
FN:54,_RNCNvNtCsbK7Ga0YsFSk_13serverust_cli5queue15format_messages0B5_
FN:23,_RNvNtCsbK7Ga0YsFSk_13serverust_cli5queue14format_inspect
FN:44,_RNvNtCsbK7Ga0YsFSk_13serverust_cli5queue15format_messages
FN:66,_RNvNtCsbK7Ga0YsFSk_13serverust_cli5queue3row
FN:70,_RNvNtCsbK7Ga0YsFSk_13serverust_cli5queue8truncate
FNDA:1,_RNCNvNtCs2TNwb7aoYd0_13serverust_cli5queue15format_messages0B5_
FNDA:3,_RNvNtCs2TNwb7aoYd0_13serverust_cli5queue14format_inspect
FNDA:3,_RNvNtCs2TNwb7aoYd0_13serverust_cli5queue15format_messages
FNDA:9,_RNvNtCs2TNwb7aoYd0_13serverust_cli5queue3row
FNDA:3,_RNvNtCs2TNwb7aoYd0_13serverust_cli5queue8truncate
FNDA:0,_RNCNvNtCsbK7Ga0YsFSk_13serverust_cli5queue15format_messages0B5_
FNDA:0,_RNvNtCsbK7Ga0YsFSk_13serverust_cli5queue14format_inspect
FNDA:0,_RNvNtCsbK7Ga0YsFSk_13serverust_cli5queue15format_messages
FNDA:0,_RNvNtCsbK7Ga0YsFSk_13serverust_cli5queue3row
FNDA:0,_RNvNtCsbK7Ga0YsFSk_13serverust_cli5queue8truncate
FNF:5
FNH:5
DA:23,3
DA:24,3
DA:25,3
DA:26,3
DA:27,3
DA:28,3
DA:30,3
DA:31,3
DA:32,3
DA:33,2
DA:34,1
DA:36,3
DA:38,3
DA:39,3
DA:40,3
DA:41,3
DA:42,3
DA:44,3
DA:45,3
DA:46,1
DA:47,2
DA:48,2
DA:49,3
DA:50,3
DA:51,3
DA:52,3
DA:53,3
DA:54,3
DA:55,3
DA:56,3
DA:57,3
DA:58,3
DA:59,3
DA:60,3
DA:61,3
DA:63,2
DA:64,3
DA:66,9
DA:67,9
DA:68,9
DA:70,3
DA:71,3
DA:72,2
DA:74,1
DA:76,3
BRF:0
BRH:0
LF:46
LH:46
end_of_record
SF:/mnt/xs1000/me/serverust/serverust-cli/src/queue_aws.rs
FN:26,_RNCNCNCNCNvNtCs2TNwb7aoYd0_13serverust_cli9queue_aws14get_attributes0s_000Bb_
FN:27,_RNCNCNCNCNvNtCs2TNwb7aoYd0_13serverust_cli9queue_aws14get_attributes0s_00s_0Bb_
FN:24,_RNCNCNCNvNtCs2TNwb7aoYd0_13serverust_cli9queue_aws14get_attributes0s_00B9_
FN:58,_RNCNCNCNvNtCs2TNwb7aoYd0_13serverust_cli9queue_aws16receive_messages0s_00B9_
FN:21,_RNCNCNvNtCs2TNwb7aoYd0_13serverust_cli9queue_aws14get_attributes00B7_
FN:23,_RNCNCNvNtCs2TNwb7aoYd0_13serverust_cli9queue_aws14get_attributes0s_0B7_
FN:48,_RNCNCNvNtCs2TNwb7aoYd0_13serverust_cli9queue_aws16receive_messages00B7_
FN:54,_RNCNCNvNtCs2TNwb7aoYd0_13serverust_cli9queue_aws16receive_messages0s_0B7_
FN:13,_RNCNvNtCs2TNwb7aoYd0_13serverust_cli9queue_aws14get_attributes0B5_
FN:39,_RNCNvNtCs2TNwb7aoYd0_13serverust_cli9queue_aws16receive_messages0B5_
FN:8,_RNCNvNtCs2TNwb7aoYd0_13serverust_cli9queue_aws6client0B5_
FN:13,_RNvNtCs2TNwb7aoYd0_13serverust_cli9queue_aws14get_attributes
FN:39,_RNvNtCs2TNwb7aoYd0_13serverust_cli9queue_aws16receive_messages
FN:8,_RNvNtCs2TNwb7aoYd0_13serverust_cli9queue_aws6client
FN:8,_RNvNtCsbK7Ga0YsFSk_13serverust_cli9queue_aws6client
FN:26,_RNCNCNCNCNvNtCsbK7Ga0YsFSk_13serverust_cli9queue_aws14get_attributes0s_000Bb_
FN:27,_RNCNCNCNCNvNtCsbK7Ga0YsFSk_13serverust_cli9queue_aws14get_attributes0s_00s_0Bb_
FN:24,_RNCNCNCNvNtCsbK7Ga0YsFSk_13serverust_cli9queue_aws14get_attributes0s_00B9_
FN:58,_RNCNCNCNvNtCsbK7Ga0YsFSk_13serverust_cli9queue_aws16receive_messages0s_00B9_
FN:21,_RNCNCNvNtCsbK7Ga0YsFSk_13serverust_cli9queue_aws14get_attributes00B7_
FN:23,_RNCNCNvNtCsbK7Ga0YsFSk_13serverust_cli9queue_aws14get_attributes0s_0B7_
FN:48,_RNCNCNvNtCsbK7Ga0YsFSk_13serverust_cli9queue_aws16receive_messages00B7_
FN:54,_RNCNCNvNtCsbK7Ga0YsFSk_13serverust_cli9queue_aws16receive_messages0s_0B7_
FN:13,_RNCNvNtCsbK7Ga0YsFSk_13serverust_cli9queue_aws14get_attributes0B5_
FN:39,_RNCNvNtCsbK7Ga0YsFSk_13serverust_cli9queue_aws16receive_messages0B5_
FN:8,_RNCNvNtCsbK7Ga0YsFSk_13serverust_cli9queue_aws6client0B5_
FN:13,_RNvNtCsbK7Ga0YsFSk_13serverust_cli9queue_aws14get_attributes
FN:39,_RNvNtCsbK7Ga0YsFSk_13serverust_cli9queue_aws16receive_messages
FNDA:0,_RNCNCNCNCNvNtCs2TNwb7aoYd0_13serverust_cli9queue_aws14get_attributes0s_000Bb_
FNDA:0,_RNCNCNCNCNvNtCs2TNwb7aoYd0_13serverust_cli9queue_aws14get_attributes0s_00s_0Bb_
FNDA:0,_RNCNCNCNvNtCs2TNwb7aoYd0_13serverust_cli9queue_aws14get_attributes0s_00B9_
FNDA:0,_RNCNCNCNvNtCs2TNwb7aoYd0_13serverust_cli9queue_aws16receive_messages0s_00B9_
FNDA:0,_RNCNCNvNtCs2TNwb7aoYd0_13serverust_cli9queue_aws14get_attributes00B7_
FNDA:0,_RNCNCNvNtCs2TNwb7aoYd0_13serverust_cli9queue_aws14get_attributes0s_0B7_
FNDA:0,_RNCNCNvNtCs2TNwb7aoYd0_13serverust_cli9queue_aws16receive_messages00B7_
FNDA:0,_RNCNCNvNtCs2TNwb7aoYd0_13serverust_cli9queue_aws16receive_messages0s_0B7_
FNDA:0,_RNCNvNtCs2TNwb7aoYd0_13serverust_cli9queue_aws14get_attributes0B5_
FNDA:0,_RNCNvNtCs2TNwb7aoYd0_13serverust_cli9queue_aws16receive_messages0B5_
FNDA:0,_RNCNvNtCs2TNwb7aoYd0_13serverust_cli9queue_aws6client0B5_
FNDA:0,_RNvNtCs2TNwb7aoYd0_13serverust_cli9queue_aws14get_attributes
FNDA:0,_RNvNtCs2TNwb7aoYd0_13serverust_cli9queue_aws16receive_messages
FNDA:0,_RNvNtCs2TNwb7aoYd0_13serverust_cli9queue_aws6client
FNDA:0,_RNvNtCsbK7Ga0YsFSk_13serverust_cli9queue_aws6client
FNDA:0,_RNCNCNCNCNvNtCsbK7Ga0YsFSk_13serverust_cli9queue_aws14get_attributes0s_000Bb_
FNDA:0,_RNCNCNCNCNvNtCsbK7Ga0YsFSk_13serverust_cli9queue_aws14get_attributes0s_00s_0Bb_
FNDA:0,_RNCNCNCNvNtCsbK7Ga0YsFSk_13serverust_cli9queue_aws14get_attributes0s_00B9_
FNDA:0,_RNCNCNCNvNtCsbK7Ga0YsFSk_13serverust_cli9queue_aws16receive_messages0s_00B9_
FNDA:0,_RNCNCNvNtCsbK7Ga0YsFSk_13serverust_cli9queue_aws14get_attributes00B7_
FNDA:0,_RNCNCNvNtCsbK7Ga0YsFSk_13serverust_cli9queue_aws14get_attributes0s_0B7_
FNDA:0,_RNCNCNvNtCsbK7Ga0YsFSk_13serverust_cli9queue_aws16receive_messages00B7_
FNDA:0,_RNCNCNvNtCsbK7Ga0YsFSk_13serverust_cli9queue_aws16receive_messages0s_0B7_
FNDA:0,_RNCNvNtCsbK7Ga0YsFSk_13serverust_cli9queue_aws14get_attributes0B5_
FNDA:0,_RNCNvNtCsbK7Ga0YsFSk_13serverust_cli9queue_aws16receive_messages0B5_
FNDA:0,_RNCNvNtCsbK7Ga0YsFSk_13serverust_cli9queue_aws6client0B5_
FNDA:0,_RNvNtCsbK7Ga0YsFSk_13serverust_cli9queue_aws14get_attributes
FNDA:0,_RNvNtCsbK7Ga0YsFSk_13serverust_cli9queue_aws16receive_messages
FNF:14
FNH:0
DA:8,0
DA:9,0
DA:10,0
DA:11,0
DA:13,0
DA:14,0
DA:15,0
DA:16,0
DA:17,0
DA:18,0
DA:19,0
DA:20,0
DA:21,0
DA:23,0
DA:24,0
DA:25,0
DA:26,0
DA:27,0
DA:28,0
DA:29,0
DA:31,0
DA:32,0
DA:33,0
DA:34,0
DA:35,0
DA:36,0
DA:37,0
DA:39,0
DA:40,0
DA:41,0
DA:42,0
DA:43,0
DA:44,0
DA:45,0
DA:46,0
DA:47,0
DA:48,0
DA:50,0
DA:51,0
DA:52,0
DA:53,0
DA:54,0
DA:55,0
DA:56,0
DA:57,0
DA:58,0
DA:59,0
DA:60,0
DA:61,0
DA:63,0
DA:64,0
BRF:0
BRH:0
LF:61
LH:0
end_of_record
SF:/mnt/xs1000/me/serverust/serverust-cli/src/scaffold.rs
FN:144,_RNCNvNtCs2TNwb7aoYd0_13serverust_cli8scaffold10write_file0B5_
FN:22,_RNCNvNtCs2TNwb7aoYd0_13serverust_cli8scaffold11new_project0B5_
FN:24,_RNCNvNtCs2TNwb7aoYd0_13serverust_cli8scaffold11new_projects_0B5_
FN:93,_RNCNvNtCs2TNwb7aoYd0_13serverust_cli8scaffold15generate_module0B5_
FN:139,_RNCNvNtCs2TNwb7aoYd0_13serverust_cli8scaffold15generate_shared0B5_
FN:133,_RNCNvNtCs2TNwb7aoYd0_13serverust_cli8scaffold27generate_single_module_file0B5_
FN:143,_RNvNtCs2TNwb7aoYd0_13serverust_cli8scaffold10write_file
FN:16,_RNvNtCs2TNwb7aoYd0_13serverust_cli8scaffold11new_project
FN:91,_RNvNtCs2TNwb7aoYd0_13serverust_cli8scaffold15generate_module
FN:137,_RNvNtCs2TNwb7aoYd0_13serverust_cli8scaffold15generate_shared
FN:122,_RNvNtCs2TNwb7aoYd0_13serverust_cli8scaffold17generate_resource
FN:126,_RNvNtCs2TNwb7aoYd0_13serverust_cli8scaffold27generate_single_module_file
FN:48,_RNvNtCs2TNwb7aoYd0_13serverust_cli8scaffold8generate
FN:144,_RNCNvNtCsbK7Ga0YsFSk_13serverust_cli8scaffold10write_file0B5_
FN:22,_RNCNvNtCsbK7Ga0YsFSk_13serverust_cli8scaffold11new_project0B5_
FN:24,_RNCNvNtCsbK7Ga0YsFSk_13serverust_cli8scaffold11new_projects_0B5_
FN:93,_RNCNvNtCsbK7Ga0YsFSk_13serverust_cli8scaffold15generate_module0B5_
FN:139,_RNCNvNtCsbK7Ga0YsFSk_13serverust_cli8scaffold15generate_shared0B5_
FN:133,_RNCNvNtCsbK7Ga0YsFSk_13serverust_cli8scaffold27generate_single_module_file0B5_
FN:143,_RNvNtCsbK7Ga0YsFSk_13serverust_cli8scaffold10write_file
FN:16,_RNvNtCsbK7Ga0YsFSk_13serverust_cli8scaffold11new_project
FN:91,_RNvNtCsbK7Ga0YsFSk_13serverust_cli8scaffold15generate_module
FN:137,_RNvNtCsbK7Ga0YsFSk_13serverust_cli8scaffold15generate_shared
FN:122,_RNvNtCsbK7Ga0YsFSk_13serverust_cli8scaffold17generate_resource
FN:126,_RNvNtCsbK7Ga0YsFSk_13serverust_cli8scaffold27generate_single_module_file
FN:48,_RNvNtCsbK7Ga0YsFSk_13serverust_cli8scaffold8generate
FNDA:0,_RNCNvNtCs2TNwb7aoYd0_13serverust_cli8scaffold10write_file0B5_
FNDA:0,_RNCNvNtCs2TNwb7aoYd0_13serverust_cli8scaffold11new_project0B5_
FNDA:0,_RNCNvNtCs2TNwb7aoYd0_13serverust_cli8scaffold11new_projects_0B5_
FNDA:0,_RNCNvNtCs2TNwb7aoYd0_13serverust_cli8scaffold15generate_module0B5_
FNDA:0,_RNCNvNtCs2TNwb7aoYd0_13serverust_cli8scaffold15generate_shared0B5_
FNDA:0,_RNCNvNtCs2TNwb7aoYd0_13serverust_cli8scaffold27generate_single_module_file0B5_
FNDA:23,_RNvNtCs2TNwb7aoYd0_13serverust_cli8scaffold10write_file
FNDA:2,_RNvNtCs2TNwb7aoYd0_13serverust_cli8scaffold11new_project
FNDA:3,_RNvNtCs2TNwb7aoYd0_13serverust_cli8scaffold15generate_module
FNDA:4,_RNvNtCs2TNwb7aoYd0_13serverust_cli8scaffold15generate_shared
FNDA:1,_RNvNtCs2TNwb7aoYd0_13serverust_cli8scaffold17generate_resource
FNDA:2,_RNvNtCs2TNwb7aoYd0_13serverust_cli8scaffold27generate_single_module_file
FNDA:9,_RNvNtCs2TNwb7aoYd0_13serverust_cli8scaffold8generate
FNDA:0,_RNCNvNtCsbK7Ga0YsFSk_13serverust_cli8scaffold10write_file0B5_
FNDA:0,_RNCNvNtCsbK7Ga0YsFSk_13serverust_cli8scaffold11new_project0B5_
FNDA:0,_RNCNvNtCsbK7Ga0YsFSk_13serverust_cli8scaffold11new_projects_0B5_
FNDA:0,_RNCNvNtCsbK7Ga0YsFSk_13serverust_cli8scaffold15generate_module0B5_
FNDA:0,_RNCNvNtCsbK7Ga0YsFSk_13serverust_cli8scaffold15generate_shared0B5_
FNDA:0,_RNCNvNtCsbK7Ga0YsFSk_13serverust_cli8scaffold27generate_single_module_file0B5_
FNDA:0,_RNvNtCsbK7Ga0YsFSk_13serverust_cli8scaffold10write_file
FNDA:0,_RNvNtCsbK7Ga0YsFSk_13serverust_cli8scaffold11new_project
FNDA:0,_RNvNtCsbK7Ga0YsFSk_13serverust_cli8scaffold15generate_module
FNDA:0,_RNvNtCsbK7Ga0YsFSk_13serverust_cli8scaffold15generate_shared
FNDA:0,_RNvNtCsbK7Ga0YsFSk_13serverust_cli8scaffold17generate_resource
FNDA:0,_RNvNtCsbK7Ga0YsFSk_13serverust_cli8scaffold27generate_single_module_file
FNDA:0,_RNvNtCsbK7Ga0YsFSk_13serverust_cli8scaffold8generate
FNF:13
FNH:7
DA:16,2
DA:17,2
DA:18,2
DA:19,1
DA:20,1
DA:21,1
DA:22,1
DA:23,1
DA:24,1
DA:26,1
DA:27,1
DA:28,1
DA:29,0
DA:30,1
DA:31,1
DA:32,1
DA:33,0
DA:34,1
DA:35,1
DA:36,1
DA:37,1
DA:38,0
DA:39,1
DA:40,1
DA:41,1
DA:42,0
DA:43,1
DA:44,2
DA:48,9
DA:49,9
DA:50,1
DA:51,2
DA:52,1
DA:53,1
DA:54,1
DA:55,1
DA:56,1
DA:58,1
DA:59,1
DA:60,1
DA:61,1
DA:62,1
DA:64,1
DA:65,1
DA:66,1
DA:67,1
DA:68,1
DA:70,1
DA:71,1
DA:72,1
DA:73,1
DA:74,1
DA:76,1
DA:77,1
DA:78,1
DA:79,1
DA:80,1
DA:82,1
DA:83,1
DA:84,1
DA:85,1
DA:86,1
DA:89,9
DA:91,3
DA:92,3
DA:93,3
DA:94,3
DA:95,3
DA:96,3
DA:97,2
DA:99,1
DA:101,0
DA:102,3
DA:103,3
DA:104,3
DA:105,0
DA:106,3
DA:107,3
DA:108,3
DA:109,0
DA:110,3
DA:111,2
DA:112,1
DA:113,3
DA:114,1
DA:115,1
DA:116,1
DA:117,0
DA:118,2
DA:119,3
DA:120,3
DA:122,1
DA:123,1
DA:124,1
DA:126,2
DA:127,2
DA:128,2
DA:129,2
DA:130,2
DA:131,2
DA:132,2
DA:133,2
DA:134,2
DA:135,2
DA:137,4
DA:138,4
DA:139,4
DA:140,4
DA:141,4
DA:143,23
DA:144,23
DA:145,23
BRF:0
BRH:0
LF:118
LH:104
end_of_record
SF:/mnt/xs1000/me/serverust/serverust-cli/src/templates.rs
FN:107,_RNvNtCs2TNwb7aoYd0_13serverust_cli9templates10controller
FN:239,_RNvNtCs2TNwb7aoYd0_13serverust_cli9templates11interceptor
FN:185,_RNvNtCs2TNwb7aoYd0_13serverust_cli9templates11module_test
FN:285,_RNvNtCs2TNwb7aoYd0_13serverust_cli9templates11pascal_case
FN:165,_RNvNtCs2TNwb7aoYd0_13serverust_cli9templates13module_mod_rs
FN:64,_RNvNtCs2TNwb7aoYd0_13serverust_cli9templates15project_main_rs
FN:178,_RNvNtCs2TNwb7aoYd0_13serverust_cli9templates15resource_mod_rs
FN:10,_RNvNtCs2TNwb7aoYd0_13serverust_cli9templates18project_cargo_toml
FN:103,_RNvNtCs2TNwb7aoYd0_13serverust_cli9templates21project_shared_mod_rs
FN:99,_RNvNtCs2TNwb7aoYd0_13serverust_cli9templates22project_modules_mod_rs
FN:29,_RNvNtCs2TNwb7aoYd0_13serverust_cli9templates22project_serverust_toml
FN:279,_RNvNtCs2TNwb7aoYd0_13serverust_cli9templates23template_with_name_type
FN:148,_RNvNtCs2TNwb7aoYd0_13serverust_cli9templates3dto
FN:199,_RNvNtCs2TNwb7aoYd0_13serverust_cli9templates4pipe
FN:219,_RNvNtCs2TNwb7aoYd0_13serverust_cli9templates5guard
FN:260,_RNvNtCs2TNwb7aoYd0_13serverust_cli9templates6filter
FN:123,_RNvNtCs2TNwb7aoYd0_13serverust_cli9templates7service
FN:107,_RNvNtCsbK7Ga0YsFSk_13serverust_cli9templates10controller
FN:239,_RNvNtCsbK7Ga0YsFSk_13serverust_cli9templates11interceptor
FN:185,_RNvNtCsbK7Ga0YsFSk_13serverust_cli9templates11module_test
FN:285,_RNvNtCsbK7Ga0YsFSk_13serverust_cli9templates11pascal_case
FN:165,_RNvNtCsbK7Ga0YsFSk_13serverust_cli9templates13module_mod_rs
FN:64,_RNvNtCsbK7Ga0YsFSk_13serverust_cli9templates15project_main_rs
FN:178,_RNvNtCsbK7Ga0YsFSk_13serverust_cli9templates15resource_mod_rs
FN:10,_RNvNtCsbK7Ga0YsFSk_13serverust_cli9templates18project_cargo_toml
FN:103,_RNvNtCsbK7Ga0YsFSk_13serverust_cli9templates21project_shared_mod_rs
FN:99,_RNvNtCsbK7Ga0YsFSk_13serverust_cli9templates22project_modules_mod_rs
FN:29,_RNvNtCsbK7Ga0YsFSk_13serverust_cli9templates22project_serverust_toml
FN:279,_RNvNtCsbK7Ga0YsFSk_13serverust_cli9templates23template_with_name_type
FN:148,_RNvNtCsbK7Ga0YsFSk_13serverust_cli9templates3dto
FN:199,_RNvNtCsbK7Ga0YsFSk_13serverust_cli9templates4pipe
FN:219,_RNvNtCsbK7Ga0YsFSk_13serverust_cli9templates5guard
FN:260,_RNvNtCsbK7Ga0YsFSk_13serverust_cli9templates6filter
FN:123,_RNvNtCsbK7Ga0YsFSk_13serverust_cli9templates7service
FNDA:4,_RNvNtCs2TNwb7aoYd0_13serverust_cli9templates10controller
FNDA:1,_RNvNtCs2TNwb7aoYd0_13serverust_cli9templates11interceptor
FNDA:1,_RNvNtCs2TNwb7aoYd0_13serverust_cli9templates11module_test
FNDA:15,_RNvNtCs2TNwb7aoYd0_13serverust_cli9templates11pascal_case
FNDA:3,_RNvNtCs2TNwb7aoYd0_13serverust_cli9templates13module_mod_rs
FNDA:1,_RNvNtCs2TNwb7aoYd0_13serverust_cli9templates15project_main_rs
FNDA:2,_RNvNtCs2TNwb7aoYd0_13serverust_cli9templates15resource_mod_rs
FNDA:1,_RNvNtCs2TNwb7aoYd0_13serverust_cli9templates18project_cargo_toml
FNDA:1,_RNvNtCs2TNwb7aoYd0_13serverust_cli9templates21project_shared_mod_rs
FNDA:1,_RNvNtCs2TNwb7aoYd0_13serverust_cli9templates22project_modules_mod_rs
FNDA:1,_RNvNtCs2TNwb7aoYd0_13serverust_cli9templates22project_serverust_toml
FNDA:15,_RNvNtCs2TNwb7aoYd0_13serverust_cli9templates23template_with_name_type
FNDA:2,_RNvNtCs2TNwb7aoYd0_13serverust_cli9templates3dto
FNDA:1,_RNvNtCs2TNwb7aoYd0_13serverust_cli9templates4pipe
FNDA:1,_RNvNtCs2TNwb7aoYd0_13serverust_cli9templates5guard
FNDA:1,_RNvNtCs2TNwb7aoYd0_13serverust_cli9templates6filter
FNDA:4,_RNvNtCs2TNwb7aoYd0_13serverust_cli9templates7service
FNDA:0,_RNvNtCsbK7Ga0YsFSk_13serverust_cli9templates10controller
FNDA:0,_RNvNtCsbK7Ga0YsFSk_13serverust_cli9templates11interceptor
FNDA:0,_RNvNtCsbK7Ga0YsFSk_13serverust_cli9templates11module_test
FNDA:0,_RNvNtCsbK7Ga0YsFSk_13serverust_cli9templates11pascal_case
FNDA:0,_RNvNtCsbK7Ga0YsFSk_13serverust_cli9templates13module_mod_rs
FNDA:0,_RNvNtCsbK7Ga0YsFSk_13serverust_cli9templates15project_main_rs
FNDA:0,_RNvNtCsbK7Ga0YsFSk_13serverust_cli9templates15resource_mod_rs
FNDA:0,_RNvNtCsbK7Ga0YsFSk_13serverust_cli9templates18project_cargo_toml
FNDA:0,_RNvNtCsbK7Ga0YsFSk_13serverust_cli9templates21project_shared_mod_rs
FNDA:0,_RNvNtCsbK7Ga0YsFSk_13serverust_cli9templates22project_modules_mod_rs
FNDA:0,_RNvNtCsbK7Ga0YsFSk_13serverust_cli9templates22project_serverust_toml
FNDA:0,_RNvNtCsbK7Ga0YsFSk_13serverust_cli9templates23template_with_name_type
FNDA:0,_RNvNtCsbK7Ga0YsFSk_13serverust_cli9templates3dto
FNDA:0,_RNvNtCsbK7Ga0YsFSk_13serverust_cli9templates4pipe
FNDA:0,_RNvNtCsbK7Ga0YsFSk_13serverust_cli9templates5guard
FNDA:0,_RNvNtCsbK7Ga0YsFSk_13serverust_cli9templates6filter
FNDA:0,_RNvNtCsbK7Ga0YsFSk_13serverust_cli9templates7service
FNF:17
FNH:17
DA:10,1
DA:11,1
DA:27,1
DA:29,1
DA:30,1
DA:62,1
DA:64,1
DA:65,1
DA:66,1
DA:67,1
DA:68,1
DA:69,1
DA:70,1
DA:71,1
DA:72,1
DA:73,1
DA:74,1
DA:75,1
DA:76,1
DA:77,1
DA:78,1
DA:79,1
DA:80,1
DA:81,1
DA:82,1
DA:83,1
DA:84,1
DA:85,1
DA:86,1
DA:87,1
DA:88,1
DA:89,1
DA:90,1
DA:91,1
DA:92,1
DA:93,1
DA:94,1
DA:95,1
DA:96,1
DA:97,1
DA:99,1
DA:100,1
DA:101,1
DA:103,1
DA:104,1
DA:105,1
DA:107,4
DA:108,4
DA:109,4
DA:110,4
DA:111,4
DA:112,4
DA:113,4
DA:114,4
DA:115,4
DA:116,4
DA:117,4
DA:118,4
DA:119,4
DA:121,4
DA:123,4
DA:124,4
DA:125,4
DA:126,4
DA:127,4
DA:128,4
DA:129,4
DA:130,4
DA:131,4
DA:132,4
DA:133,4
DA:134,4
DA:135,4
DA:136,4
DA:137,4
DA:138,4
DA:139,4
DA:140,4
DA:141,4
DA:142,4
DA:143,4
DA:144,4
DA:146,4
DA:148,2
DA:149,2
DA:150,2
DA:151,2
DA:152,2
DA:153,2
DA:154,2
DA:155,2
DA:156,2
DA:157,2
DA:158,2
DA:159,2
DA:160,2
DA:161,2
DA:163,2
DA:165,3
DA:166,3
DA:170,3
DA:171,1
DA:172,1
DA:173,1
DA:174,2
DA:175,3
DA:176,3
DA:178,2
DA:179,2
DA:181,2
DA:183,2
DA:185,1
DA:186,1
DA:187,1
DA:188,1
DA:189,1
DA:190,1
DA:191,1
DA:192,1
DA:193,1
DA:194,1
DA:195,1
DA:197,1
DA:199,1
DA:200,1
DA:201,1
DA:202,1
DA:203,1
DA:204,1
DA:205,1
DA:206,1
DA:207,1
DA:208,1
DA:209,1
DA:210,1
DA:211,1
DA:212,1
DA:213,1
DA:214,1
DA:215,1
DA:217,1
DA:219,1
DA:220,1
DA:221,1
DA:222,1
DA:223,1
DA:224,1
DA:225,1
DA:226,1
DA:227,1
DA:228,1
DA:229,1
DA:230,1
DA:231,1
DA:232,1
DA:233,1
DA:234,1
DA:235,1
DA:237,1
DA:239,1
DA:240,1
DA:241,1
DA:242,1
DA:243,1
DA:244,1
DA:245,1
DA:246,1
DA:247,1
DA:248,1
DA:249,1
DA:250,1
DA:251,1
DA:252,1
DA:253,1
DA:254,1
DA:255,1
DA:256,1
DA:258,1
DA:260,1
DA:261,1
DA:262,1
DA:263,1
DA:264,1
DA:265,1
DA:266,1
DA:267,1
DA:268,1
DA:269,1
DA:270,1
DA:271,1
DA:272,1
DA:273,1
DA:274,1
DA:275,1
DA:277,1
DA:279,15
DA:280,15
DA:281,15
DA:282,15
DA:283,15
DA:285,15
DA:286,15
DA:287,15
DA:288,85
DA:289,85
DA:290,0
DA:291,0
DA:292,85
DA:293,85
DA:294,15
DA:295,15
DA:296,70
DA:297,70
DA:298,70
DA:300,15
DA:301,15
BRF:0
BRH:0
LF:216
LH:214
end_of_record
SF:/mnt/xs1000/me/serverust/serverust-core/src/app.rs
FN:140,_RINvMNtCs48DirCyJvRj_14serverust_core3appNtB3_3App11interceptorpEB5_
FN:95,_RINvMNtCs48DirCyJvRj_14serverust_core3appNtB3_3App12openapi_infoppEB5_
FN:101,_RINvMNtCs48DirCyJvRj_14serverust_core3appNtB3_3App15register_schemapEB5_
FN:199,_RINvMNtCs48DirCyJvRj_14serverust_core3appNtB3_3App21into_event_dispatcherpEB5_
FN:175,_RINvMNtCs48DirCyJvRj_14serverust_core3appNtB3_3App5eventppEB5_
FN:161,_RINvMNtCs48DirCyJvRj_14serverust_core3appNtB3_3App5routepEB5_
FN:129,_RINvMNtCs48DirCyJvRj_14serverust_core3appNtB3_3App8overridepEB5_
FN:277,_RINvMNtCs48DirCyJvRj_14serverust_core3appNtB3_3App8run_httppEB5_
FN:142,_RNCINvMNtCs48DirCyJvRj_14serverust_core3appNtB5_3App11interceptorpE0B7_
FN:204,_RNCINvMNtCs48DirCyJvRj_14serverust_core3appNtB5_3App21into_event_dispatcherpE0B7_
FN:205,_RNCINvMNtCs48DirCyJvRj_14serverust_core3appNtB5_3App21into_event_dispatcherpEs_0B7_
FN:184,_RNCINvMNtCs48DirCyJvRj_14serverust_core3appNtB5_3App5eventppE0B7_
FN:277,_RNCINvMNtCs48DirCyJvRj_14serverust_core3appNtB5_3App8run_httppE0B7_
FN:144,_RNCNCINvMNtCs48DirCyJvRj_14serverust_core3appNtB7_3App11interceptorpE00B9_
FN:146,_RNCNCNCINvMNtCs48DirCyJvRj_14serverust_core3appNtB9_3App11interceptorpE000Bb_
FN:122,_RINvMNtCs48DirCyJvRj_14serverust_core3appNtB3_3App7provideNtNtB5_6config15ServerustConfigEB5_
FN:242,_RNCNCNvMNtCs48DirCyJvRj_14serverust_core3appNtB6_3App11into_routers0_00B8_
FN:255,_RNCNCNvMNtCs48DirCyJvRj_14serverust_core3appNtB6_3App11into_routers1_00B8_
FN:229,_RNCNCNvMNtCs48DirCyJvRj_14serverust_core3appNtB6_3App11into_routers_00B8_
FN:212,_RNCNvMNtCs48DirCyJvRj_14serverust_core3appNtB4_3App11into_router0B6_
FN:240,_RNCNvMNtCs48DirCyJvRj_14serverust_core3appNtB4_3App11into_routers0_0B6_
FN:253,_RNCNvMNtCs48DirCyJvRj_14serverust_core3appNtB4_3App11into_routers1_0B6_
FN:227,_RNCNvMNtCs48DirCyJvRj_14serverust_core3appNtB4_3App11into_routers_0B6_
FN:161,_RINvMNtCs48DirCyJvRj_14serverust_core3appNtB3_3App5routeNtCshLAwEdPqYVC_2di13count_handlerEBU_
FN:122,_RINvMNtCs48DirCyJvRj_14serverust_core3appNtB3_3App7provideDNtCshLAwEdPqYVC_2di7CounterEL_EBX_
FN:129,_RINvMNtCs48DirCyJvRj_14serverust_core3appNtB3_3App8overrideDNtCshLAwEdPqYVC_2di7CounterEL_EBY_
FN:210,_RNvMNtCs48DirCyJvRj_14serverust_core3appNtB2_3App11into_router
FN:193,_RNvMNtCs48DirCyJvRj_14serverust_core3appNtB2_3App18has_event_handlers
FN:81,_RNvMNtCs48DirCyJvRj_14serverust_core3appNtB2_3App3new
FN:107,_RNvMNtCs48DirCyJvRj_14serverust_core3appNtB2_3App4docs
FN:113,_RNvMNtCs48DirCyJvRj_14serverust_core3appNtB2_3App5redoc
FN:156,_RNvMNtCs48DirCyJvRj_14serverust_core3appNtB2_3App6config
FN:293,_RNvXs_NtCs48DirCyJvRj_14serverust_core3appNtB4_3AppNtNtCs8nPosuWgJFh_4core7default7Default7default
FN:199,_RINvMNtCs48DirCyJvRj_14serverust_core3appNtB3_3App21into_event_dispatcherNtCs7Z15wTaAmyv_6events12PaymentEventEB1b_
FN:175,_RINvMNtCs48DirCyJvRj_14serverust_core3appNtB3_3App5eventNtCs7Z15wTaAmyv_6events12PaymentEventNtBU_13LedgerHandlerEBU_
FN:175,_RINvMNtCs48DirCyJvRj_14serverust_core3appNtB3_3App5eventNtCs7Z15wTaAmyv_6events12PaymentEventNtBU_13NotifyHandlerEBU_
FN:175,_RINvMNtCs48DirCyJvRj_14serverust_core3appNtB3_3App5eventNtCs7Z15wTaAmyv_6events12PaymentEventNtBU_19ServiceCheckHandlerEBU_
FN:161,_RINvMNtCs48DirCyJvRj_14serverust_core3appNtB3_3App5routeNtNCNvCs7Z15wTaAmyv_6eventss_46http_tests_nao_sao_afetados_por_event_handlers04pingEBY_
FN:122,_RINvMNtCs48DirCyJvRj_14serverust_core3appNtB3_3App7provideyECs7Z15wTaAmyv_6events
FN:204,_RNCINvMNtCs48DirCyJvRj_14serverust_core3appNtB5_3App21into_event_dispatcherNtCs7Z15wTaAmyv_6events12PaymentEventE0B1d_
FN:205,_RNCINvMNtCs48DirCyJvRj_14serverust_core3appNtB5_3App21into_event_dispatcherNtCs7Z15wTaAmyv_6events12PaymentEventEs_0B1d_
FN:184,_RNCINvMNtCs48DirCyJvRj_14serverust_core3appNtB5_3App5eventNtCs7Z15wTaAmyv_6events12PaymentEventNtBW_13LedgerHandlerE0BW_
FN:184,_RNCINvMNtCs48DirCyJvRj_14serverust_core3appNtB5_3App5eventNtCs7Z15wTaAmyv_6events12PaymentEventNtBW_13NotifyHandlerE0BW_
FN:184,_RNCINvMNtCs48DirCyJvRj_14serverust_core3appNtB5_3App5eventNtCs7Z15wTaAmyv_6events12PaymentEventNtBW_19ServiceCheckHandlerE0BW_
FN:140,_RINvMNtCs48DirCyJvRj_14serverust_core3appNtB3_3App11interceptorNtCsGDJniQql7C_10middleware17TimingInterceptorEB11_
FN:161,_RINvMNtCs48DirCyJvRj_14serverust_core3appNtB3_3App5routeNtCsGDJniQql7C_10middleware13admin_handlerEBU_
FN:161,_RINvMNtCs48DirCyJvRj_14serverust_core3appNtB3_3App5routeNtCsGDJniQql7C_10middleware14protected_userEBU_
FN:161,_RINvMNtCs48DirCyJvRj_14serverust_core3appNtB3_3App5routeNtCsGDJniQql7C_10middleware4pingEBU_
FN:161,_RINvMNtCs48DirCyJvRj_14serverust_core3appNtB3_3App5routeNtCsGDJniQql7C_10middleware8get_userEBU_
FN:142,_RNCINvMNtCs48DirCyJvRj_14serverust_core3appNtB5_3App11interceptorNtCsGDJniQql7C_10middleware17TimingInterceptorE0B13_
FN:144,_RNCNCINvMNtCs48DirCyJvRj_14serverust_core3appNtB7_3App11interceptorNtCsGDJniQql7C_10middleware17TimingInterceptorE00B15_
FN:146,_RNCNCNCINvMNtCs48DirCyJvRj_14serverust_core3appNtB9_3App11interceptorNtCsGDJniQql7C_10middleware17TimingInterceptorE000B17_
FN:95,_RINvMNtCs48DirCyJvRj_14serverust_core3appNtB3_3App12openapi_infoReB10_ECskUrfimKodYj_7openapi
FN:101,_RINvMNtCs48DirCyJvRj_14serverust_core3appNtB3_3App15register_schemaNtCskUrfimKodYj_7openapi10CreateUserEB15_
FN:161,_RINvMNtCs48DirCyJvRj_14serverust_core3appNtB3_3App5routeNtCskUrfimKodYj_7openapi11create_userEBU_
FN:161,_RINvMNtCs48DirCyJvRj_14serverust_core3appNtB3_3App5routeNtCskUrfimKodYj_7openapi5helloEBU_
FN:161,_RINvMNtCs48DirCyJvRj_14serverust_core3appNtB3_3App5routeNtCskUrfimKodYj_7openapi5loginEBU_
FN:161,_RINvMNtCs48DirCyJvRj_14serverust_core3appNtB3_3App5routeNtCskUrfimKodYj_7openapi8get_userEBU_
FN:161,_RINvMNtCs48DirCyJvRj_14serverust_core3appNtB3_3App5routeNtCscLdKtsmgLwB_6routes11create_userEBU_
FN:161,_RINvMNtCs48DirCyJvRj_14serverust_core3appNtB3_3App5routeNtCscLdKtsmgLwB_6routes5helloEBU_
FN:161,_RINvMNtCs48DirCyJvRj_14serverust_core3appNtB3_3App5routeNtCscLdKtsmgLwB_6routes6searchEBU_
FN:161,_RINvMNtCs48DirCyJvRj_14serverust_core3appNtB3_3App5routeNtCscLdKtsmgLwB_6routes8get_userEBU_
FN:277,_RINvMNtCs48DirCyJvRj_14serverust_core3appNtB3_3App8run_httpReECscLdKtsmgLwB_6routes
FN:277,_RNCINvMNtCs48DirCyJvRj_14serverust_core3appNtB5_3App8run_httpReE0CscLdKtsmgLwB_6routes
FN:140,_RINvMNtCsxTK3UuVl36_14serverust_core3appNtB3_3App11interceptorpEB5_
FN:95,_RINvMNtCsxTK3UuVl36_14serverust_core3appNtB3_3App12openapi_infoppEB5_
FN:101,_RINvMNtCsxTK3UuVl36_14serverust_core3appNtB3_3App15register_schemapEB5_
FN:199,_RINvMNtCsxTK3UuVl36_14serverust_core3appNtB3_3App21into_event_dispatcherpEB5_
FN:175,_RINvMNtCsxTK3UuVl36_14serverust_core3appNtB3_3App5eventppEB5_
FN:161,_RINvMNtCsxTK3UuVl36_14serverust_core3appNtB3_3App5routepEB5_
FN:122,_RINvMNtCsxTK3UuVl36_14serverust_core3appNtB3_3App7providepEB5_
FN:129,_RINvMNtCsxTK3UuVl36_14serverust_core3appNtB3_3App8overridepEB5_
FN:277,_RINvMNtCsxTK3UuVl36_14serverust_core3appNtB3_3App8run_httppEB5_
FN:142,_RNCINvMNtCsxTK3UuVl36_14serverust_core3appNtB5_3App11interceptorpE0B7_
FN:204,_RNCINvMNtCsxTK3UuVl36_14serverust_core3appNtB5_3App21into_event_dispatcherpE0B7_
FN:205,_RNCINvMNtCsxTK3UuVl36_14serverust_core3appNtB5_3App21into_event_dispatcherpEs_0B7_
FN:184,_RNCINvMNtCsxTK3UuVl36_14serverust_core3appNtB5_3App5eventppE0B7_
FN:277,_RNCINvMNtCsxTK3UuVl36_14serverust_core3appNtB5_3App8run_httppE0B7_
FN:144,_RNCNCINvMNtCsxTK3UuVl36_14serverust_core3appNtB7_3App11interceptorpE00B9_
FN:146,_RNCNCNCINvMNtCsxTK3UuVl36_14serverust_core3appNtB9_3App11interceptorpE000Bb_
FN:242,_RNCNCNvMNtCsxTK3UuVl36_14serverust_core3appNtB6_3App11into_routers0_00B8_
FN:255,_RNCNCNvMNtCsxTK3UuVl36_14serverust_core3appNtB6_3App11into_routers1_00B8_
FN:229,_RNCNCNvMNtCsxTK3UuVl36_14serverust_core3appNtB6_3App11into_routers_00B8_
FN:212,_RNCNvMNtCsxTK3UuVl36_14serverust_core3appNtB4_3App11into_router0B6_
FN:240,_RNCNvMNtCsxTK3UuVl36_14serverust_core3appNtB4_3App11into_routers0_0B6_
FN:253,_RNCNvMNtCsxTK3UuVl36_14serverust_core3appNtB4_3App11into_routers1_0B6_
FN:227,_RNCNvMNtCsxTK3UuVl36_14serverust_core3appNtB4_3App11into_routers_0B6_
FN:210,_RNvMNtCsxTK3UuVl36_14serverust_core3appNtB2_3App11into_router
FN:193,_RNvMNtCsxTK3UuVl36_14serverust_core3appNtB2_3App18has_event_handlers
FN:81,_RNvMNtCsxTK3UuVl36_14serverust_core3appNtB2_3App3new
FN:107,_RNvMNtCsxTK3UuVl36_14serverust_core3appNtB2_3App4docs
FN:113,_RNvMNtCsxTK3UuVl36_14serverust_core3appNtB2_3App5redoc
FN:156,_RNvMNtCsxTK3UuVl36_14serverust_core3appNtB2_3App6config
FN:293,_RNvXs_NtCsxTK3UuVl36_14serverust_core3appNtB4_3AppNtNtCs8nPosuWgJFh_4core7default7Default7default
FN:161,_RINvMNtCs48DirCyJvRj_14serverust_core3appNtB3_3App5routeNtCs519DY66AvdU_10validation6chargeEBU_
FN:161,_RINvMNtCs48DirCyJvRj_14serverust_core3appNtB3_3App5routeNtCs519DY66AvdU_10validation6signupEBU_
FNDA:0,_RINvMNtCs48DirCyJvRj_14serverust_core3appNtB3_3App11interceptorpEB5_
FNDA:0,_RINvMNtCs48DirCyJvRj_14serverust_core3appNtB3_3App12openapi_infoppEB5_
FNDA:0,_RINvMNtCs48DirCyJvRj_14serverust_core3appNtB3_3App15register_schemapEB5_
FNDA:0,_RINvMNtCs48DirCyJvRj_14serverust_core3appNtB3_3App21into_event_dispatcherpEB5_
FNDA:0,_RINvMNtCs48DirCyJvRj_14serverust_core3appNtB3_3App5eventppEB5_
FNDA:0,_RINvMNtCs48DirCyJvRj_14serverust_core3appNtB3_3App5routepEB5_
FNDA:0,_RINvMNtCs48DirCyJvRj_14serverust_core3appNtB3_3App8overridepEB5_
FNDA:0,_RINvMNtCs48DirCyJvRj_14serverust_core3appNtB3_3App8run_httppEB5_
FNDA:0,_RNCINvMNtCs48DirCyJvRj_14serverust_core3appNtB5_3App11interceptorpE0B7_
FNDA:0,_RNCINvMNtCs48DirCyJvRj_14serverust_core3appNtB5_3App21into_event_dispatcherpE0B7_
FNDA:0,_RNCINvMNtCs48DirCyJvRj_14serverust_core3appNtB5_3App21into_event_dispatcherpEs_0B7_
FNDA:0,_RNCINvMNtCs48DirCyJvRj_14serverust_core3appNtB5_3App5eventppE0B7_
FNDA:0,_RNCINvMNtCs48DirCyJvRj_14serverust_core3appNtB5_3App8run_httppE0B7_
FNDA:0,_RNCNCINvMNtCs48DirCyJvRj_14serverust_core3appNtB7_3App11interceptorpE00B9_
FNDA:0,_RNCNCNCINvMNtCs48DirCyJvRj_14serverust_core3appNtB9_3App11interceptorpE000Bb_
FNDA:0,_RINvMNtCs48DirCyJvRj_14serverust_core3appNtB3_3App7provideNtNtB5_6config15ServerustConfigEB5_
FNDA:2,_RNCNCNvMNtCs48DirCyJvRj_14serverust_core3appNtB6_3App11into_routers0_00B8_
FNDA:1,_RNCNCNvMNtCs48DirCyJvRj_14serverust_core3appNtB6_3App11into_routers1_00B8_
FNDA:4,_RNCNCNvMNtCs48DirCyJvRj_14serverust_core3appNtB6_3App11into_routers_00B8_
FNDA:0,_RNCNvMNtCs48DirCyJvRj_14serverust_core3appNtB4_3App11into_router0B6_
FNDA:2,_RNCNvMNtCs48DirCyJvRj_14serverust_core3appNtB4_3App11into_routers0_0B6_
FNDA:1,_RNCNvMNtCs48DirCyJvRj_14serverust_core3appNtB4_3App11into_routers1_0B6_
FNDA:4,_RNCNvMNtCs48DirCyJvRj_14serverust_core3appNtB4_3App11into_routers_0B6_
FNDA:3,_RINvMNtCs48DirCyJvRj_14serverust_core3appNtB3_3App5routeNtCshLAwEdPqYVC_2di13count_handlerEBU_
FNDA:3,_RINvMNtCs48DirCyJvRj_14serverust_core3appNtB3_3App7provideDNtCshLAwEdPqYVC_2di7CounterEL_EBX_
FNDA:1,_RINvMNtCs48DirCyJvRj_14serverust_core3appNtB3_3App8overrideDNtCshLAwEdPqYVC_2di7CounterEL_EBY_
FNDA:27,_RNvMNtCs48DirCyJvRj_14serverust_core3appNtB2_3App11into_router
FNDA:0,_RNvMNtCs48DirCyJvRj_14serverust_core3appNtB2_3App18has_event_handlers
FNDA:30,_RNvMNtCs48DirCyJvRj_14serverust_core3appNtB2_3App3new
FNDA:1,_RNvMNtCs48DirCyJvRj_14serverust_core3appNtB2_3App4docs
FNDA:0,_RNvMNtCs48DirCyJvRj_14serverust_core3appNtB2_3App5redoc
FNDA:0,_RNvMNtCs48DirCyJvRj_14serverust_core3appNtB2_3App6config
FNDA:0,_RNvXs_NtCs48DirCyJvRj_14serverust_core3appNtB4_3AppNtNtCs8nPosuWgJFh_4core7default7Default7default
FNDA:3,_RINvMNtCs48DirCyJvRj_14serverust_core3appNtB3_3App21into_event_dispatcherNtCs7Z15wTaAmyv_6events12PaymentEventEB1b_
FNDA:3,_RINvMNtCs48DirCyJvRj_14serverust_core3appNtB3_3App5eventNtCs7Z15wTaAmyv_6events12PaymentEventNtBU_13LedgerHandlerEBU_
FNDA:1,_RINvMNtCs48DirCyJvRj_14serverust_core3appNtB3_3App5eventNtCs7Z15wTaAmyv_6events12PaymentEventNtBU_13NotifyHandlerEBU_
FNDA:1,_RINvMNtCs48DirCyJvRj_14serverust_core3appNtB3_3App5eventNtCs7Z15wTaAmyv_6events12PaymentEventNtBU_19ServiceCheckHandlerEBU_
FNDA:1,_RINvMNtCs48DirCyJvRj_14serverust_core3appNtB3_3App5routeNtNCNvCs7Z15wTaAmyv_6eventss_46http_tests_nao_sao_afetados_por_event_handlers04pingEBY_
FNDA:1,_RINvMNtCs48DirCyJvRj_14serverust_core3appNtB3_3App7provideyECs7Z15wTaAmyv_6events
FNDA:3,_RNCINvMNtCs48DirCyJvRj_14serverust_core3appNtB5_3App21into_event_dispatcherNtCs7Z15wTaAmyv_6events12PaymentEventE0B1d_
FNDA:0,_RNCINvMNtCs48DirCyJvRj_14serverust_core3appNtB5_3App21into_event_dispatcherNtCs7Z15wTaAmyv_6events12PaymentEventEs_0B1d_
FNDA:3,_RNCINvMNtCs48DirCyJvRj_14serverust_core3appNtB5_3App5eventNtCs7Z15wTaAmyv_6events12PaymentEventNtBW_13LedgerHandlerE0BW_
FNDA:0,_RNCINvMNtCs48DirCyJvRj_14serverust_core3appNtB5_3App5eventNtCs7Z15wTaAmyv_6events12PaymentEventNtBW_13NotifyHandlerE0BW_
FNDA:1,_RNCINvMNtCs48DirCyJvRj_14serverust_core3appNtB5_3App5eventNtCs7Z15wTaAmyv_6events12PaymentEventNtBW_19ServiceCheckHandlerE0BW_
FNDA:2,_RINvMNtCs48DirCyJvRj_14serverust_core3appNtB3_3App11interceptorNtCsGDJniQql7C_10middleware17TimingInterceptorEB11_
FNDA:2,_RINvMNtCs48DirCyJvRj_14serverust_core3appNtB3_3App5routeNtCsGDJniQql7C_10middleware13admin_handlerEBU_
FNDA:1,_RINvMNtCs48DirCyJvRj_14serverust_core3appNtB3_3App5routeNtCsGDJniQql7C_10middleware14protected_userEBU_
FNDA:1,_RINvMNtCs48DirCyJvRj_14serverust_core3appNtB3_3App5routeNtCsGDJniQql7C_10middleware4pingEBU_
FNDA:2,_RINvMNtCs48DirCyJvRj_14serverust_core3appNtB3_3App5routeNtCsGDJniQql7C_10middleware8get_userEBU_
FNDA:2,_RNCINvMNtCs48DirCyJvRj_14serverust_core3appNtB5_3App11interceptorNtCsGDJniQql7C_10middleware17TimingInterceptorE0B13_
FNDA:4,_RNCNCINvMNtCs48DirCyJvRj_14serverust_core3appNtB7_3App11interceptorNtCsGDJniQql7C_10middleware17TimingInterceptorE00B15_
FNDA:4,_RNCNCNCINvMNtCs48DirCyJvRj_14serverust_core3appNtB9_3App11interceptorNtCsGDJniQql7C_10middleware17TimingInterceptorE000B17_
FNDA:1,_RINvMNtCs48DirCyJvRj_14serverust_core3appNtB3_3App12openapi_infoReB10_ECskUrfimKodYj_7openapi
FNDA:1,_RINvMNtCs48DirCyJvRj_14serverust_core3appNtB3_3App15register_schemaNtCskUrfimKodYj_7openapi10CreateUserEB15_
FNDA:2,_RINvMNtCs48DirCyJvRj_14serverust_core3appNtB3_3App5routeNtCskUrfimKodYj_7openapi11create_userEBU_
FNDA:5,_RINvMNtCs48DirCyJvRj_14serverust_core3appNtB3_3App5routeNtCskUrfimKodYj_7openapi5helloEBU_
FNDA:1,_RINvMNtCs48DirCyJvRj_14serverust_core3appNtB3_3App5routeNtCskUrfimKodYj_7openapi5loginEBU_
FNDA:1,_RINvMNtCs48DirCyJvRj_14serverust_core3appNtB3_3App5routeNtCskUrfimKodYj_7openapi8get_userEBU_
FNDA:2,_RINvMNtCs48DirCyJvRj_14serverust_core3appNtB3_3App5routeNtCscLdKtsmgLwB_6routes11create_userEBU_
FNDA:3,_RINvMNtCs48DirCyJvRj_14serverust_core3appNtB3_3App5routeNtCscLdKtsmgLwB_6routes5helloEBU_
FNDA:1,_RINvMNtCs48DirCyJvRj_14serverust_core3appNtB3_3App5routeNtCscLdKtsmgLwB_6routes6searchEBU_
FNDA:2,_RINvMNtCs48DirCyJvRj_14serverust_core3appNtB3_3App5routeNtCscLdKtsmgLwB_6routes8get_userEBU_
FNDA:1,_RINvMNtCs48DirCyJvRj_14serverust_core3appNtB3_3App8run_httpReECscLdKtsmgLwB_6routes
FNDA:1,_RNCINvMNtCs48DirCyJvRj_14serverust_core3appNtB5_3App8run_httpReE0CscLdKtsmgLwB_6routes
FNDA:0,_RINvMNtCsxTK3UuVl36_14serverust_core3appNtB3_3App11interceptorpEB5_
FNDA:0,_RINvMNtCsxTK3UuVl36_14serverust_core3appNtB3_3App12openapi_infoppEB5_
FNDA:0,_RINvMNtCsxTK3UuVl36_14serverust_core3appNtB3_3App15register_schemapEB5_
FNDA:0,_RINvMNtCsxTK3UuVl36_14serverust_core3appNtB3_3App21into_event_dispatcherpEB5_
FNDA:0,_RINvMNtCsxTK3UuVl36_14serverust_core3appNtB3_3App5eventppEB5_
FNDA:0,_RINvMNtCsxTK3UuVl36_14serverust_core3appNtB3_3App5routepEB5_
FNDA:0,_RINvMNtCsxTK3UuVl36_14serverust_core3appNtB3_3App7providepEB5_
FNDA:0,_RINvMNtCsxTK3UuVl36_14serverust_core3appNtB3_3App8overridepEB5_
FNDA:0,_RINvMNtCsxTK3UuVl36_14serverust_core3appNtB3_3App8run_httppEB5_
FNDA:0,_RNCINvMNtCsxTK3UuVl36_14serverust_core3appNtB5_3App11interceptorpE0B7_
FNDA:0,_RNCINvMNtCsxTK3UuVl36_14serverust_core3appNtB5_3App21into_event_dispatcherpE0B7_
FNDA:0,_RNCINvMNtCsxTK3UuVl36_14serverust_core3appNtB5_3App21into_event_dispatcherpEs_0B7_
FNDA:0,_RNCINvMNtCsxTK3UuVl36_14serverust_core3appNtB5_3App5eventppE0B7_
FNDA:0,_RNCINvMNtCsxTK3UuVl36_14serverust_core3appNtB5_3App8run_httppE0B7_
FNDA:0,_RNCNCINvMNtCsxTK3UuVl36_14serverust_core3appNtB7_3App11interceptorpE00B9_
FNDA:0,_RNCNCNCINvMNtCsxTK3UuVl36_14serverust_core3appNtB9_3App11interceptorpE000Bb_
FNDA:0,_RNCNCNvMNtCsxTK3UuVl36_14serverust_core3appNtB6_3App11into_routers0_00B8_
FNDA:0,_RNCNCNvMNtCsxTK3UuVl36_14serverust_core3appNtB6_3App11into_routers1_00B8_
FNDA:0,_RNCNCNvMNtCsxTK3UuVl36_14serverust_core3appNtB6_3App11into_routers_00B8_
FNDA:0,_RNCNvMNtCsxTK3UuVl36_14serverust_core3appNtB4_3App11into_router0B6_
FNDA:0,_RNCNvMNtCsxTK3UuVl36_14serverust_core3appNtB4_3App11into_routers0_0B6_
FNDA:0,_RNCNvMNtCsxTK3UuVl36_14serverust_core3appNtB4_3App11into_routers1_0B6_
FNDA:0,_RNCNvMNtCsxTK3UuVl36_14serverust_core3appNtB4_3App11into_routers_0B6_
FNDA:0,_RNvMNtCsxTK3UuVl36_14serverust_core3appNtB2_3App11into_router
FNDA:0,_RNvMNtCsxTK3UuVl36_14serverust_core3appNtB2_3App18has_event_handlers
FNDA:0,_RNvMNtCsxTK3UuVl36_14serverust_core3appNtB2_3App3new
FNDA:0,_RNvMNtCsxTK3UuVl36_14serverust_core3appNtB2_3App4docs
FNDA:0,_RNvMNtCsxTK3UuVl36_14serverust_core3appNtB2_3App5redoc
FNDA:0,_RNvMNtCsxTK3UuVl36_14serverust_core3appNtB2_3App6config
FNDA:0,_RNvXs_NtCsxTK3UuVl36_14serverust_core3appNtB4_3AppNtNtCs8nPosuWgJFh_4core7default7Default7default
FNDA:2,_RINvMNtCs48DirCyJvRj_14serverust_core3appNtB3_3App5routeNtCs519DY66AvdU_10validation6chargeEBU_
FNDA:2,_RINvMNtCs48DirCyJvRj_14serverust_core3appNtB3_3App5routeNtCs519DY66AvdU_10validation6signupEBU_
FNF:30
FNH:24
DA:81,30
DA:82,30
DA:83,30
DA:84,30
DA:85,30
DA:86,30
DA:87,30
DA:88,30
DA:89,30
DA:90,30
DA:91,30
DA:92,30
DA:95,1
DA:96,1
DA:97,1
DA:98,1
DA:101,1
DA:102,1
DA:103,1
DA:104,1
DA:107,1
DA:108,1
DA:109,1
DA:110,1
DA:113,0
DA:114,0
DA:115,0
DA:116,0
DA:122,4
DA:123,4
DA:124,4
DA:125,4
DA:129,1
DA:130,1
DA:131,1
DA:132,1
DA:140,2
DA:141,2
DA:142,2
DA:143,2
DA:144,4
DA:145,4
DA:146,4
DA:147,4
DA:148,2
DA:149,2
DA:150,2
DA:151,2
DA:152,2
DA:156,0
DA:157,0
DA:158,0
DA:161,31
DA:162,31
DA:163,31
DA:164,31
DA:165,31
DA:166,31
DA:167,31
DA:175,5
DA:176,5
DA:177,5
DA:178,5
DA:180,5
DA:181,5
DA:182,5
DA:183,5
DA:184,5
DA:185,5
DA:186,5
DA:187,5
DA:188,5
DA:189,5
DA:190,5
DA:193,0
DA:194,0
DA:195,0
DA:199,3
DA:200,3
DA:201,3
DA:202,3
DA:203,3
DA:204,3
DA:205,3
DA:206,3
DA:207,3
DA:210,27
DA:211,27
DA:212,27
DA:213,27
DA:214,27
DA:219,27
DA:220,27
DA:221,2
DA:222,2
DA:224,27
DA:225,27
DA:226,27
DA:227,27
DA:228,4
DA:229,4
DA:230,4
DA:231,4
DA:232,4
DA:233,4
DA:234,4
DA:235,4
DA:236,4
DA:238,27
DA:239,27
DA:240,27
DA:241,2
DA:242,2
DA:243,2
DA:244,2
DA:245,2
DA:246,2
DA:247,2
DA:248,2
DA:249,2
DA:251,27
DA:252,27
DA:253,27
DA:254,1
DA:255,1
DA:256,1
DA:257,1
DA:258,1
DA:259,1
DA:260,1
DA:261,1
DA:262,1
DA:264,27
DA:265,27
DA:277,1
DA:278,1
DA:279,1
DA:280,1
DA:281,1
DA:282,1
DA:283,1
DA:284,1
DA:285,1
DA:286,1
DA:287,1
DA:288,1
DA:289,0
DA:293,0
DA:294,0
DA:295,0
BRF:0
BRH:0
LF:160
LH:144
end_of_record
SF:/mnt/xs1000/me/serverust/serverust-core/src/config.rs
FN:137,_RINvMs2_NtCs48DirCyJvRj_14serverust_core6configNtB6_15ServerustConfig21load_from_for_profileReECse6mCzlwgeaO_6config
FN:120,_RNvMs2_NtCs48DirCyJvRj_14serverust_core6configNtB5_15ServerustConfig4load
FN:132,_RNvMs2_NtCs48DirCyJvRj_14serverust_core6configNtB5_15ServerustConfig9load_from
FN:18,_RNvXNtCs48DirCyJvRj_14serverust_core6configNtB2_12ServerConfigNtNtCs8nPosuWgJFh_4core7default7Default7default
FN:50,_RNvXs0_NtCs48DirCyJvRj_14serverust_core6configNtB5_15TelemetryConfigNtNtCs8nPosuWgJFh_4core7default7Default7default
FN:68,_RNvXs1_NtCs48DirCyJvRj_14serverust_core6configNtB5_13OpenApiConfigNtNtCs8nPosuWgJFh_4core7default7Default7default
FN:34,_RNvXs_NtCs48DirCyJvRj_14serverust_core6configNtB4_12LambdaConfigNtNtCs8nPosuWgJFh_4core7default7Default7default
FN:127,_RINvMs2_NtCs48DirCyJvRj_14serverust_core6configNtB6_15ServerustConfig16load_for_profileNtNtCsi6TYzzvxT8H_7figment7profile7ProfileEB8_
FN:137,_RINvMs2_NtCs48DirCyJvRj_14serverust_core6configNtB6_15ServerustConfig21load_from_for_profileNtNtCsi6TYzzvxT8H_7figment7profile7ProfileEB8_
FN:127,_RINvMs2_NtCsxTK3UuVl36_14serverust_core6configNtB6_15ServerustConfig16load_for_profilepEB8_
FN:137,_RINvMs2_NtCsxTK3UuVl36_14serverust_core6configNtB6_15ServerustConfig21load_from_for_profilepEB8_
FN:120,_RNvMs2_NtCsxTK3UuVl36_14serverust_core6configNtB5_15ServerustConfig4load
FN:132,_RNvMs2_NtCsxTK3UuVl36_14serverust_core6configNtB5_15ServerustConfig9load_from
FN:18,_RNvXNtCsxTK3UuVl36_14serverust_core6configNtB2_12ServerConfigNtNtCs8nPosuWgJFh_4core7default7Default7default
FN:50,_RNvXs0_NtCsxTK3UuVl36_14serverust_core6configNtB5_15TelemetryConfigNtNtCs8nPosuWgJFh_4core7default7Default7default
FN:68,_RNvXs1_NtCsxTK3UuVl36_14serverust_core6configNtB5_13OpenApiConfigNtNtCs8nPosuWgJFh_4core7default7Default7default
FN:34,_RNvXs_NtCsxTK3UuVl36_14serverust_core6configNtB4_12LambdaConfigNtNtCs8nPosuWgJFh_4core7default7Default7default
FNDA:3,_RINvMs2_NtCs48DirCyJvRj_14serverust_core6configNtB6_15ServerustConfig21load_from_for_profileReECse6mCzlwgeaO_6config
FNDA:0,_RNvMs2_NtCs48DirCyJvRj_14serverust_core6configNtB5_15ServerustConfig4load
FNDA:3,_RNvMs2_NtCs48DirCyJvRj_14serverust_core6configNtB5_15ServerustConfig9load_from
FNDA:7,_RNvXNtCs48DirCyJvRj_14serverust_core6configNtB2_12ServerConfigNtNtCs8nPosuWgJFh_4core7default7Default7default
FNDA:7,_RNvXs0_NtCs48DirCyJvRj_14serverust_core6configNtB5_15TelemetryConfigNtNtCs8nPosuWgJFh_4core7default7Default7default
FNDA:7,_RNvXs1_NtCs48DirCyJvRj_14serverust_core6configNtB5_13OpenApiConfigNtNtCs8nPosuWgJFh_4core7default7Default7default
FNDA:7,_RNvXs_NtCs48DirCyJvRj_14serverust_core6configNtB4_12LambdaConfigNtNtCs8nPosuWgJFh_4core7default7Default7default
FNDA:0,_RINvMs2_NtCs48DirCyJvRj_14serverust_core6configNtB6_15ServerustConfig16load_for_profileNtNtCsi6TYzzvxT8H_7figment7profile7ProfileEB8_
FNDA:3,_RINvMs2_NtCs48DirCyJvRj_14serverust_core6configNtB6_15ServerustConfig21load_from_for_profileNtNtCsi6TYzzvxT8H_7figment7profile7ProfileEB8_
FNDA:0,_RINvMs2_NtCsxTK3UuVl36_14serverust_core6configNtB6_15ServerustConfig16load_for_profilepEB8_
FNDA:0,_RINvMs2_NtCsxTK3UuVl36_14serverust_core6configNtB6_15ServerustConfig21load_from_for_profilepEB8_
FNDA:0,_RNvMs2_NtCsxTK3UuVl36_14serverust_core6configNtB5_15ServerustConfig4load
FNDA:0,_RNvMs2_NtCsxTK3UuVl36_14serverust_core6configNtB5_15ServerustConfig9load_from
FNDA:0,_RNvXNtCsxTK3UuVl36_14serverust_core6configNtB2_12ServerConfigNtNtCs8nPosuWgJFh_4core7default7Default7default
FNDA:0,_RNvXs0_NtCsxTK3UuVl36_14serverust_core6configNtB5_15TelemetryConfigNtNtCs8nPosuWgJFh_4core7default7Default7default
FNDA:0,_RNvXs1_NtCsxTK3UuVl36_14serverust_core6configNtB5_13OpenApiConfigNtNtCs8nPosuWgJFh_4core7default7Default7default
FNDA:0,_RNvXs_NtCsxTK3UuVl36_14serverust_core6configNtB4_12LambdaConfigNtNtCs8nPosuWgJFh_4core7default7Default7default
FNF:8
FNH:6
DA:18,7
DA:19,7
DA:20,7
DA:21,7
DA:22,7
DA:23,7
DA:34,7
DA:35,7
DA:36,7
DA:37,7
DA:38,7
DA:39,7
DA:50,7
DA:51,7
DA:52,7
DA:53,7
DA:54,7
DA:55,7
DA:68,7
DA:69,7
DA:70,7
DA:71,7
DA:72,7
DA:73,7
DA:74,7
DA:75,7
DA:120,0
DA:121,0
DA:122,0
DA:127,0
DA:128,0
DA:129,0
DA:132,3
DA:133,3
DA:134,3
DA:137,6
DA:138,6
DA:139,6
DA:140,6
DA:146,6
DA:147,6
DA:148,6
DA:149,6
DA:150,6
DA:151,6
DA:152,6
BRF:0
BRH:0
LF:46
LH:40
end_of_record
SF:/mnt/xs1000/me/serverust/serverust-core/src/container.rs
FN:22,_RNvMNtCs48DirCyJvRj_14serverust_core9containerNtB2_9Container3new
FN:35,_RINvMNtCs48DirCyJvRj_14serverust_core9containerNtB3_9Container3getpEB5_
FN:46,_RNCNvXININtCs48DirCyJvRj_14serverust_core9containers_0pEINtNtCsj0gLuUEfogP_5alloc4sync3ArcpEINtNtNtCsbvwRETa9JbF_9axum_core7extract8from_ref7FromRefNtB7_9ContainerE8from_ref0B9_
FN:45,_RNvXININtCs48DirCyJvRj_14serverust_core9containers_0pEINtNtCsj0gLuUEfogP_5alloc4sync3ArcpEINtNtNtCsbvwRETa9JbF_9axum_core7extract8from_ref7FromRefNtB5_9ContainerE8from_refB7_
FN:29,_RINvMNtCs48DirCyJvRj_14serverust_core9containerNtB3_9Container6insertNtNtB5_6config15ServerustConfigEB5_
FN:35,_RINvMNtCs48DirCyJvRj_14serverust_core9containerNtB3_9Container3getDNtCshLAwEdPqYVC_2di7CounterEL_EB15_
FN:29,_RINvMNtCs48DirCyJvRj_14serverust_core9containerNtB3_9Container6insertDNtCshLAwEdPqYVC_2di7CounterEL_EB18_
FN:46,_RNCNvXs_NtCs48DirCyJvRj_14serverust_core9containerINtNtCsj0gLuUEfogP_5alloc4sync3ArcDNtCshLAwEdPqYVC_2di7CounterEL_EINtNtNtCsbvwRETa9JbF_9axum_core7extract8from_ref7FromRefNtB6_9ContainerE8from_ref0B1n_
FN:45,_RNvXs_NtCs48DirCyJvRj_14serverust_core9containerINtNtCsj0gLuUEfogP_5alloc4sync3ArcDNtCshLAwEdPqYVC_2di7CounterEL_EINtNtNtCsbvwRETa9JbF_9axum_core7extract8from_ref7FromRefNtB4_9ContainerE8from_refB1l_
FN:35,_RINvMNtCs48DirCyJvRj_14serverust_core9containerNtB3_9Container3getyECs7Z15wTaAmyv_6events
FN:29,_RINvMNtCs48DirCyJvRj_14serverust_core9containerNtB3_9Container6insertyECs7Z15wTaAmyv_6events
FN:35,_RINvMNtCsxTK3UuVl36_14serverust_core9containerNtB3_9Container3getINtNtNtNtCsicaZO8UCM9y_3std4sync6poison5mutex5MutexmEEB5_
FN:29,_RINvMNtCsxTK3UuVl36_14serverust_core9containerNtB3_9Container6insertINtNtNtNtCsicaZO8UCM9y_3std4sync6poison5mutex5MutexmEEB5_
FN:22,_RNvMNtCsxTK3UuVl36_14serverust_core9containerNtB2_9Container3new
FN:46,_RNCNvXININtCsxTK3UuVl36_14serverust_core9containers_0pEINtNtCsj0gLuUEfogP_5alloc4sync3ArcpEINtNtNtCsbvwRETa9JbF_9axum_core7extract8from_ref7FromRefNtB7_9ContainerE8from_ref0B9_
FN:45,_RNvXININtCsxTK3UuVl36_14serverust_core9containers_0pEINtNtCsj0gLuUEfogP_5alloc4sync3ArcpEINtNtNtCsbvwRETa9JbF_9axum_core7extract8from_ref7FromRefNtB5_9ContainerE8from_refB7_
FNDA:30,_RNvMNtCs48DirCyJvRj_14serverust_core9containerNtB2_9Container3new
FNDA:0,_RINvMNtCs48DirCyJvRj_14serverust_core9containerNtB3_9Container3getpEB5_
FNDA:0,_RNCNvXININtCs48DirCyJvRj_14serverust_core9containers_0pEINtNtCsj0gLuUEfogP_5alloc4sync3ArcpEINtNtNtCsbvwRETa9JbF_9axum_core7extract8from_ref7FromRefNtB7_9ContainerE8from_ref0B9_
FNDA:0,_RNvXININtCs48DirCyJvRj_14serverust_core9containers_0pEINtNtCsj0gLuUEfogP_5alloc4sync3ArcpEINtNtNtCsbvwRETa9JbF_9axum_core7extract8from_ref7FromRefNtB5_9ContainerE8from_refB7_
FNDA:0,_RINvMNtCs48DirCyJvRj_14serverust_core9containerNtB3_9Container6insertNtNtB5_6config15ServerustConfigEB5_
FNDA:5,_RINvMNtCs48DirCyJvRj_14serverust_core9containerNtB3_9Container3getDNtCshLAwEdPqYVC_2di7CounterEL_EB15_
FNDA:4,_RINvMNtCs48DirCyJvRj_14serverust_core9containerNtB3_9Container6insertDNtCshLAwEdPqYVC_2di7CounterEL_EB18_
FNDA:0,_RNCNvXs_NtCs48DirCyJvRj_14serverust_core9containerINtNtCsj0gLuUEfogP_5alloc4sync3ArcDNtCshLAwEdPqYVC_2di7CounterEL_EINtNtNtCsbvwRETa9JbF_9axum_core7extract8from_ref7FromRefNtB6_9ContainerE8from_ref0B1n_
FNDA:5,_RNvXs_NtCs48DirCyJvRj_14serverust_core9containerINtNtCsj0gLuUEfogP_5alloc4sync3ArcDNtCshLAwEdPqYVC_2di7CounterEL_EINtNtNtCsbvwRETa9JbF_9axum_core7extract8from_ref7FromRefNtB4_9ContainerE8from_refB1l_
FNDA:2,_RINvMNtCs48DirCyJvRj_14serverust_core9containerNtB3_9Container3getyECs7Z15wTaAmyv_6events
FNDA:1,_RINvMNtCs48DirCyJvRj_14serverust_core9containerNtB3_9Container6insertyECs7Z15wTaAmyv_6events
FNDA:1,_RINvMNtCsxTK3UuVl36_14serverust_core9containerNtB3_9Container3getINtNtNtNtCsicaZO8UCM9y_3std4sync6poison5mutex5MutexmEEB5_
FNDA:1,_RINvMNtCsxTK3UuVl36_14serverust_core9containerNtB3_9Container6insertINtNtNtNtCsicaZO8UCM9y_3std4sync6poison5mutex5MutexmEEB5_
FNDA:4,_RNvMNtCsxTK3UuVl36_14serverust_core9containerNtB2_9Container3new
FNDA:0,_RNCNvXININtCsxTK3UuVl36_14serverust_core9containers_0pEINtNtCsj0gLuUEfogP_5alloc4sync3ArcpEINtNtNtCsbvwRETa9JbF_9axum_core7extract8from_ref7FromRefNtB7_9ContainerE8from_ref0B9_
FNDA:0,_RNvXININtCsxTK3UuVl36_14serverust_core9containers_0pEINtNtCsj0gLuUEfogP_5alloc4sync3ArcpEINtNtNtCsbvwRETa9JbF_9axum_core7extract8from_ref7FromRefNtB5_9ContainerE8from_refB7_
FNF:5
FNH:4
DA:22,34
DA:23,34
DA:24,34
DA:29,6
DA:30,6
DA:31,6
DA:32,6
DA:35,8
DA:36,8
DA:37,8
DA:38,8
DA:45,5
DA:46,5
DA:47,0
DA:49,0
DA:52,5
BRF:0
BRH:0
LF:17
LH:14
end_of_record
SF:/mnt/xs1000/me/serverust/serverust-core/src/error.rs
FN:48,_RNCNCNvNtCs48DirCyJvRj_14serverust_core5error25validation_error_response00B7_
FN:49,_RNCNCNvNtCs48DirCyJvRj_14serverust_core5error25validation_error_response0s_0B7_
FN:44,_RNCNvNtCs48DirCyJvRj_14serverust_core5error25validation_error_response0B5_
FN:38,_RNvNtCs48DirCyJvRj_14serverust_core5error25validation_error_response
FN:48,_RNCNCNvNtCsxTK3UuVl36_14serverust_core5error25validation_error_response00B7_
FN:49,_RNCNCNvNtCsxTK3UuVl36_14serverust_core5error25validation_error_response0s_0B7_
FN:44,_RNCNvNtCsxTK3UuVl36_14serverust_core5error25validation_error_response0B5_
FN:38,_RNvNtCsxTK3UuVl36_14serverust_core5error25validation_error_response
FNDA:2,_RNCNCNvNtCs48DirCyJvRj_14serverust_core5error25validation_error_response00B7_
FNDA:0,_RNCNCNvNtCs48DirCyJvRj_14serverust_core5error25validation_error_response0s_0B7_
FNDA:2,_RNCNvNtCs48DirCyJvRj_14serverust_core5error25validation_error_response0B5_
FNDA:1,_RNvNtCs48DirCyJvRj_14serverust_core5error25validation_error_response
FNDA:0,_RNCNCNvNtCsxTK3UuVl36_14serverust_core5error25validation_error_response00B7_
FNDA:0,_RNCNCNvNtCsxTK3UuVl36_14serverust_core5error25validation_error_response0s_0B7_
FNDA:0,_RNCNvNtCsxTK3UuVl36_14serverust_core5error25validation_error_response0B5_
FNDA:0,_RNvNtCsxTK3UuVl36_14serverust_core5error25validation_error_response
FNF:4
FNH:3
DA:38,1
DA:39,1
DA:41,2
DA:42,2
DA:43,2
DA:44,2
DA:45,2
DA:46,2
DA:47,2
DA:48,2
DA:49,2
DA:50,2
DA:51,2
DA:52,2
DA:53,2
DA:56,1
DA:57,1
DA:58,1
DA:61,1
DA:62,1
BRF:0
BRH:0
LF:23
LH:22
end_of_record
SF:/mnt/xs1000/me/serverust/serverust-core/src/events/mod.rs
FN:131,_RINvMs2_NtCs48DirCyJvRj_14serverust_core6eventsINtB6_20EventHandlerRegistrypE8registerpEB8_
FN:104,_RNCNvMs1_NtCs48DirCyJvRj_14serverust_core6eventsINtB7_15EventDispatcherpE14dispatch_event0B9_
FN:101,_RNvMs1_NtCs48DirCyJvRj_14serverust_core6eventsINtB5_15EventDispatcherpE14dispatch_eventB7_
FN:92,_RNvMs1_NtCs48DirCyJvRj_14serverust_core6eventsINtB5_15EventDispatcherpE3newB7_
FN:135,_RNvMs2_NtCs48DirCyJvRj_14serverust_core6eventsINtB5_20EventHandlerRegistrypE15into_dispatcherB7_
FN:125,_RNvMs2_NtCs48DirCyJvRj_14serverust_core6eventsINtB5_20EventHandlerRegistrypE3newB7_
FN:73,_RNvXININtCs48DirCyJvRj_14serverust_core6eventss0_0ppEINtB5_14HandlerWrapperpEINtB5_13ErasedHandlerpE13handle_erasedB7_
FN:131,_RINvMs2_NtCs48DirCyJvRj_14serverust_core6eventsINtB6_20EventHandlerRegistryNtCs7Z15wTaAmyv_6events12PaymentEventE8registerNtB1d_13LedgerHandlerEB1d_
FN:131,_RINvMs2_NtCs48DirCyJvRj_14serverust_core6eventsINtB6_20EventHandlerRegistryNtCs7Z15wTaAmyv_6events12PaymentEventE8registerNtB1d_13NotifyHandlerEB1d_
FN:131,_RINvMs2_NtCs48DirCyJvRj_14serverust_core6eventsINtB6_20EventHandlerRegistryNtCs7Z15wTaAmyv_6events12PaymentEventE8registerNtB1d_19ServiceCheckHandlerEB1d_
FN:104,_RNCNvMs1_NtCs48DirCyJvRj_14serverust_core6eventsINtB7_15EventDispatcherNtCs7Z15wTaAmyv_6events12PaymentEventE14dispatch_event0B19_
FN:101,_RNvMs1_NtCs48DirCyJvRj_14serverust_core6eventsINtB5_15EventDispatcherNtCs7Z15wTaAmyv_6events12PaymentEventE14dispatch_eventB17_
FN:92,_RNvMs1_NtCs48DirCyJvRj_14serverust_core6eventsINtB5_15EventDispatcherNtCs7Z15wTaAmyv_6events12PaymentEventE3newB17_
FN:135,_RNvMs2_NtCs48DirCyJvRj_14serverust_core6eventsINtB5_20EventHandlerRegistryNtCs7Z15wTaAmyv_6events12PaymentEventE15into_dispatcherB1c_
FN:125,_RNvMs2_NtCs48DirCyJvRj_14serverust_core6eventsINtB5_20EventHandlerRegistryNtCs7Z15wTaAmyv_6events12PaymentEventE3newB1c_
FN:73,_RNvXs0_NtCs48DirCyJvRj_14serverust_core6eventsINtB5_14HandlerWrapperNtCs7Z15wTaAmyv_6events13LedgerHandlerEINtB5_13ErasedHandlerNtB16_12PaymentEventE13handle_erasedB16_
FN:73,_RNvXs0_NtCs48DirCyJvRj_14serverust_core6eventsINtB5_14HandlerWrapperNtCs7Z15wTaAmyv_6events13NotifyHandlerEINtB5_13ErasedHandlerNtB16_12PaymentEventE13handle_erasedB16_
FN:73,_RNvXs0_NtCs48DirCyJvRj_14serverust_core6eventsINtB5_14HandlerWrapperNtCs7Z15wTaAmyv_6events19ServiceCheckHandlerEINtB5_13ErasedHandlerNtB16_12PaymentEventE13handle_erasedB16_
FN:131,_RINvMs2_NtCsxTK3UuVl36_14serverust_core6eventsINtB6_20EventHandlerRegistryNtNtB6_5tests9TestEventE8registerNtB1c_14FailingHandlerEB8_
FN:131,_RINvMs2_NtCsxTK3UuVl36_14serverust_core6eventsINtB6_20EventHandlerRegistryNtNtB6_5tests9TestEventE8registerNtB1c_16RecordingHandlerEB8_
FN:131,_RINvMs2_NtCsxTK3UuVl36_14serverust_core6eventsINtB6_20EventHandlerRegistryNtNtB6_5tests9TestEventE8registerNtB1c_17StateCheckHandlerEB8_
FN:104,_RNCNvMs1_NtCsxTK3UuVl36_14serverust_core6eventsINtB7_15EventDispatcherNtNtB7_5tests9TestEventE14dispatch_event0B9_
FN:101,_RNvMs1_NtCsxTK3UuVl36_14serverust_core6eventsINtB5_15EventDispatcherNtNtB5_5tests9TestEventE14dispatch_eventB7_
FN:92,_RNvMs1_NtCsxTK3UuVl36_14serverust_core6eventsINtB5_15EventDispatcherNtNtB5_5tests9TestEventE3newB7_
FN:135,_RNvMs2_NtCsxTK3UuVl36_14serverust_core6eventsINtB5_20EventHandlerRegistryNtNtB5_5tests9TestEventE15into_dispatcherB7_
FN:125,_RNvMs2_NtCsxTK3UuVl36_14serverust_core6eventsINtB5_20EventHandlerRegistryNtNtB5_5tests9TestEventE3newB7_
FN:73,_RNvXs0_NtCsxTK3UuVl36_14serverust_core6eventsINtB5_14HandlerWrapperNtNtB5_5tests14FailingHandlerEINtB5_13ErasedHandlerNtB15_9TestEventE13handle_erasedB7_
FN:73,_RNvXs0_NtCsxTK3UuVl36_14serverust_core6eventsINtB5_14HandlerWrapperNtNtB5_5tests16RecordingHandlerEINtB5_13ErasedHandlerNtB15_9TestEventE13handle_erasedB7_
FN:73,_RNvXs0_NtCsxTK3UuVl36_14serverust_core6eventsINtB5_14HandlerWrapperNtNtB5_5tests17StateCheckHandlerEINtB5_13ErasedHandlerNtB15_9TestEventE13handle_erasedB7_
FN:238,_RNvNtNtCsxTK3UuVl36_14serverust_core6events5testss_30dispatch_para_no_primeiro_erro
FN:219,_RNvNtNtCsxTK3UuVl36_14serverust_core6events5testss_40multiplos_handlers_executam_em_sequencia
FN:201,_RNvNtNtCsxTK3UuVl36_14serverust_core6events5testss_42handler_acessa_state_injetado_no_container
FN:184,_RNvNtNtCsxTK3UuVl36_14serverust_core6events5testss_54handler_stub_dispara_dispatch_event_e_verifica_retorno
FN:156,_RNvXNtNtCsxTK3UuVl36_14serverust_core6events5testsNtB2_16RecordingHandlerINtB4_12EventHandlerNtB2_9TestEventE6handle
FN:178,_RNvXs0_NtNtCsxTK3UuVl36_14serverust_core6events5testsNtB5_14FailingHandlerINtB7_12EventHandlerNtB5_9TestEventE6handle
FN:165,_RNvXs_NtNtCsxTK3UuVl36_14serverust_core6events5testsNtB4_17StateCheckHandlerINtB6_12EventHandlerNtB4_9TestEventE6handle
FN:168,_RNCNCNvXs_NtNtCsxTK3UuVl36_14serverust_core6events5testsNtB8_17StateCheckHandlerINtBa_12EventHandlerNtB8_9TestEventE6handle00Bc_
FN:238,_RNCNvNtNtCsxTK3UuVl36_14serverust_core6events5testss_30dispatch_para_no_primeiro_erro0B7_
FN:219,_RNCNvNtNtCsxTK3UuVl36_14serverust_core6events5testss_40multiplos_handlers_executam_em_sequencia0B7_
FN:201,_RNCNvNtNtCsxTK3UuVl36_14serverust_core6events5testss_42handler_acessa_state_injetado_no_container0B7_
FN:184,_RNCNvNtNtCsxTK3UuVl36_14serverust_core6events5testss_54handler_stub_dispara_dispatch_event_e_verifica_retorno0B7_
FN:156,_RNCNvXNtNtCsxTK3UuVl36_14serverust_core6events5testsNtB4_16RecordingHandlerINtB6_12EventHandlerNtB4_9TestEventE6handle0B8_
FN:178,_RNCNvXs0_NtNtCsxTK3UuVl36_14serverust_core6events5testsNtB7_14FailingHandlerINtB9_12EventHandlerNtB7_9TestEventE6handle0Bb_
FN:165,_RNCNvXs_NtNtCsxTK3UuVl36_14serverust_core6events5testsNtB6_17StateCheckHandlerINtB8_12EventHandlerNtB6_9TestEventE6handle0Ba_
FN:19,_RNvXNtCsxTK3UuVl36_14serverust_core6eventsNtB2_10EventErrorNtNtCs8nPosuWgJFh_4core3fmt7Display3fmt
FNDA:0,_RINvMs2_NtCs48DirCyJvRj_14serverust_core6eventsINtB6_20EventHandlerRegistrypE8registerpEB8_
FNDA:0,_RNCNvMs1_NtCs48DirCyJvRj_14serverust_core6eventsINtB7_15EventDispatcherpE14dispatch_event0B9_
FNDA:0,_RNvMs1_NtCs48DirCyJvRj_14serverust_core6eventsINtB5_15EventDispatcherpE14dispatch_eventB7_
FNDA:0,_RNvMs1_NtCs48DirCyJvRj_14serverust_core6eventsINtB5_15EventDispatcherpE3newB7_
FNDA:0,_RNvMs2_NtCs48DirCyJvRj_14serverust_core6eventsINtB5_20EventHandlerRegistrypE15into_dispatcherB7_
FNDA:0,_RNvMs2_NtCs48DirCyJvRj_14serverust_core6eventsINtB5_20EventHandlerRegistrypE3newB7_
FNDA:0,_RNvXININtCs48DirCyJvRj_14serverust_core6eventss0_0ppEINtB5_14HandlerWrapperpEINtB5_13ErasedHandlerpE13handle_erasedB7_
FNDA:3,_RINvMs2_NtCs48DirCyJvRj_14serverust_core6eventsINtB6_20EventHandlerRegistryNtCs7Z15wTaAmyv_6events12PaymentEventE8registerNtB1d_13LedgerHandlerEB1d_
FNDA:1,_RINvMs2_NtCs48DirCyJvRj_14serverust_core6eventsINtB6_20EventHandlerRegistryNtCs7Z15wTaAmyv_6events12PaymentEventE8registerNtB1d_13NotifyHandlerEB1d_
FNDA:1,_RINvMs2_NtCs48DirCyJvRj_14serverust_core6eventsINtB6_20EventHandlerRegistryNtCs7Z15wTaAmyv_6events12PaymentEventE8registerNtB1d_19ServiceCheckHandlerEB1d_
FNDA:4,_RNCNvMs1_NtCs48DirCyJvRj_14serverust_core6eventsINtB7_15EventDispatcherNtCs7Z15wTaAmyv_6events12PaymentEventE14dispatch_event0B19_
FNDA:4,_RNvMs1_NtCs48DirCyJvRj_14serverust_core6eventsINtB5_15EventDispatcherNtCs7Z15wTaAmyv_6events12PaymentEventE14dispatch_eventB17_
FNDA:3,_RNvMs1_NtCs48DirCyJvRj_14serverust_core6eventsINtB5_15EventDispatcherNtCs7Z15wTaAmyv_6events12PaymentEventE3newB17_
FNDA:3,_RNvMs2_NtCs48DirCyJvRj_14serverust_core6eventsINtB5_20EventHandlerRegistryNtCs7Z15wTaAmyv_6events12PaymentEventE15into_dispatcherB1c_
FNDA:4,_RNvMs2_NtCs48DirCyJvRj_14serverust_core6eventsINtB5_20EventHandlerRegistryNtCs7Z15wTaAmyv_6events12PaymentEventE3newB1c_
FNDA:2,_RNvXs0_NtCs48DirCyJvRj_14serverust_core6eventsINtB5_14HandlerWrapperNtCs7Z15wTaAmyv_6events13LedgerHandlerEINtB5_13ErasedHandlerNtB16_12PaymentEventE13handle_erasedB16_
FNDA:1,_RNvXs0_NtCs48DirCyJvRj_14serverust_core6eventsINtB5_14HandlerWrapperNtCs7Z15wTaAmyv_6events13NotifyHandlerEINtB5_13ErasedHandlerNtB16_12PaymentEventE13handle_erasedB16_
FNDA:2,_RNvXs0_NtCs48DirCyJvRj_14serverust_core6eventsINtB5_14HandlerWrapperNtCs7Z15wTaAmyv_6events19ServiceCheckHandlerEINtB5_13ErasedHandlerNtB16_12PaymentEventE13handle_erasedB16_
FNDA:1,_RINvMs2_NtCsxTK3UuVl36_14serverust_core6eventsINtB6_20EventHandlerRegistryNtNtB6_5tests9TestEventE8registerNtB1c_14FailingHandlerEB8_
FNDA:4,_RINvMs2_NtCsxTK3UuVl36_14serverust_core6eventsINtB6_20EventHandlerRegistryNtNtB6_5tests9TestEventE8registerNtB1c_16RecordingHandlerEB8_
FNDA:1,_RINvMs2_NtCsxTK3UuVl36_14serverust_core6eventsINtB6_20EventHandlerRegistryNtNtB6_5tests9TestEventE8registerNtB1c_17StateCheckHandlerEB8_
FNDA:4,_RNCNvMs1_NtCsxTK3UuVl36_14serverust_core6eventsINtB7_15EventDispatcherNtNtB7_5tests9TestEventE14dispatch_event0B9_
FNDA:4,_RNvMs1_NtCsxTK3UuVl36_14serverust_core6eventsINtB5_15EventDispatcherNtNtB5_5tests9TestEventE14dispatch_eventB7_
FNDA:4,_RNvMs1_NtCsxTK3UuVl36_14serverust_core6eventsINtB5_15EventDispatcherNtNtB5_5tests9TestEventE3newB7_
FNDA:4,_RNvMs2_NtCsxTK3UuVl36_14serverust_core6eventsINtB5_20EventHandlerRegistryNtNtB5_5tests9TestEventE15into_dispatcherB7_
FNDA:4,_RNvMs2_NtCsxTK3UuVl36_14serverust_core6eventsINtB5_20EventHandlerRegistryNtNtB5_5tests9TestEventE3newB7_
FNDA:1,_RNvXs0_NtCsxTK3UuVl36_14serverust_core6eventsINtB5_14HandlerWrapperNtNtB5_5tests14FailingHandlerEINtB5_13ErasedHandlerNtB15_9TestEventE13handle_erasedB7_
FNDA:3,_RNvXs0_NtCsxTK3UuVl36_14serverust_core6eventsINtB5_14HandlerWrapperNtNtB5_5tests16RecordingHandlerEINtB5_13ErasedHandlerNtB15_9TestEventE13handle_erasedB7_
FNDA:1,_RNvXs0_NtCsxTK3UuVl36_14serverust_core6eventsINtB5_14HandlerWrapperNtNtB5_5tests17StateCheckHandlerEINtB5_13ErasedHandlerNtB15_9TestEventE13handle_erasedB7_
FNDA:1,_RNvNtNtCsxTK3UuVl36_14serverust_core6events5testss_30dispatch_para_no_primeiro_erro
FNDA:1,_RNvNtNtCsxTK3UuVl36_14serverust_core6events5testss_40multiplos_handlers_executam_em_sequencia
FNDA:1,_RNvNtNtCsxTK3UuVl36_14serverust_core6events5testss_42handler_acessa_state_injetado_no_container
FNDA:1,_RNvNtNtCsxTK3UuVl36_14serverust_core6events5testss_54handler_stub_dispara_dispatch_event_e_verifica_retorno
FNDA:3,_RNvXNtNtCsxTK3UuVl36_14serverust_core6events5testsNtB2_16RecordingHandlerINtB4_12EventHandlerNtB2_9TestEventE6handle
FNDA:1,_RNvXs0_NtNtCsxTK3UuVl36_14serverust_core6events5testsNtB5_14FailingHandlerINtB7_12EventHandlerNtB5_9TestEventE6handle
FNDA:1,_RNvXs_NtNtCsxTK3UuVl36_14serverust_core6events5testsNtB4_17StateCheckHandlerINtB6_12EventHandlerNtB4_9TestEventE6handle
FNDA:0,_RNCNCNvXs_NtNtCsxTK3UuVl36_14serverust_core6events5testsNtB8_17StateCheckHandlerINtBa_12EventHandlerNtB8_9TestEventE6handle00Bc_
FNDA:1,_RNCNvNtNtCsxTK3UuVl36_14serverust_core6events5testss_30dispatch_para_no_primeiro_erro0B7_
FNDA:1,_RNCNvNtNtCsxTK3UuVl36_14serverust_core6events5testss_40multiplos_handlers_executam_em_sequencia0B7_
FNDA:1,_RNCNvNtNtCsxTK3UuVl36_14serverust_core6events5testss_42handler_acessa_state_injetado_no_container0B7_
FNDA:1,_RNCNvNtNtCsxTK3UuVl36_14serverust_core6events5testss_54handler_stub_dispara_dispatch_event_e_verifica_retorno0B7_
FNDA:3,_RNCNvXNtNtCsxTK3UuVl36_14serverust_core6events5testsNtB4_16RecordingHandlerINtB6_12EventHandlerNtB4_9TestEventE6handle0B8_
FNDA:1,_RNCNvXs0_NtNtCsxTK3UuVl36_14serverust_core6events5testsNtB7_14FailingHandlerINtB9_12EventHandlerNtB7_9TestEventE6handle0Bb_
FNDA:1,_RNCNvXs_NtNtCsxTK3UuVl36_14serverust_core6events5testsNtB6_17StateCheckHandlerINtB8_12EventHandlerNtB6_9TestEventE6handle0Ba_
FNDA:0,_RNvXNtCsxTK3UuVl36_14serverust_core6eventsNtB2_10EventErrorNtNtCs8nPosuWgJFh_4core3fmt7Display3fmt
FNF:23
FNH:21
DA:19,0
DA:20,0
DA:21,0
DA:73,10
DA:74,10
DA:75,10
DA:76,10
DA:77,10
DA:78,10
DA:79,10
DA:92,7
DA:93,7
DA:94,7
DA:95,7
DA:96,7
DA:97,7
DA:101,8
DA:102,8
DA:103,8
DA:104,8
DA:105,8
DA:106,10
DA:107,10
DA:109,7
DA:111,3
DA:113,10
DA:115,6
DA:116,8
DA:125,8
DA:126,8
DA:127,8
DA:128,8
DA:129,8
DA:131,11
DA:132,11
DA:133,11
DA:135,7
DA:136,7
DA:137,7
DA:156,3
DA:157,3
DA:158,3
DA:159,3
DA:165,1
DA:166,1
DA:167,1
DA:168,1
DA:169,1
DA:170,1
DA:171,1
DA:172,1
DA:178,1
DA:179,1
DA:180,1
DA:184,1
DA:185,1
DA:186,1
DA:187,1
DA:188,1
DA:189,1
DA:191,1
DA:192,1
DA:193,1
DA:194,1
DA:195,1
DA:197,1
DA:198,1
DA:201,1
DA:202,1
DA:203,1
DA:204,1
DA:206,1
DA:207,1
DA:209,1
DA:210,1
DA:211,1
DA:212,1
DA:213,1
DA:215,1
DA:216,1
DA:219,1
DA:220,1
DA:221,1
DA:222,1
DA:223,1
DA:224,1
DA:225,1
DA:226,1
DA:228,1
DA:229,1
DA:230,1
DA:231,1
DA:232,1
DA:234,1
DA:235,1
DA:238,1
DA:239,1
DA:240,1
DA:241,1
DA:242,1
DA:243,1
DA:244,1
DA:246,1
DA:247,1
DA:249,1
DA:250,1
DA:251,1
DA:252,1
DA:253,1
DA:254,1
BRF:0
BRH:0
LF:123
LH:119
end_of_record
SF:/mnt/xs1000/me/serverust/serverust-core/src/openapi.rs
FN:34,_RINvMNtCs48DirCyJvRj_14serverust_core7openapiNtB3_12OpenApiState14push_operationpEB5_
FN:43,_RINvMNtCs48DirCyJvRj_14serverust_core7openapiNtB3_12OpenApiState15register_schemapEB5_
FN:29,_RINvMNtCs48DirCyJvRj_14serverust_core7openapiNtB3_12OpenApiState8set_infoppEB5_
FN:51,_RNCNvMNtCs48DirCyJvRj_14serverust_core7openapiNtB4_12OpenApiState5build0B6_
FN:52,_RNCNvMNtCs48DirCyJvRj_14serverust_core7openapiNtB4_12OpenApiState5builds_0B6_
FN:34,_RINvMNtCs48DirCyJvRj_14serverust_core7openapiNtB3_12OpenApiState14push_operationReECshLAwEdPqYVC_2di
FN:49,_RNvMNtCs48DirCyJvRj_14serverust_core7openapiNtB2_12OpenApiState5build
FN:115,_RNvNtCs48DirCyJvRj_14serverust_core7openapi10redoc_html
FN:94,_RNvNtCs48DirCyJvRj_14serverust_core7openapi15swagger_ui_html
FN:34,_RINvMNtCs48DirCyJvRj_14serverust_core7openapiNtB3_12OpenApiState14push_operationReECs7Z15wTaAmyv_6events
FN:34,_RINvMNtCs48DirCyJvRj_14serverust_core7openapiNtB3_12OpenApiState14push_operationReECsGDJniQql7C_10middleware
FN:34,_RINvMNtCs48DirCyJvRj_14serverust_core7openapiNtB3_12OpenApiState14push_operationReECskUrfimKodYj_7openapi
FN:43,_RINvMNtCs48DirCyJvRj_14serverust_core7openapiNtB3_12OpenApiState15register_schemaNtCskUrfimKodYj_7openapi10CreateUserEB1j_
FN:29,_RINvMNtCs48DirCyJvRj_14serverust_core7openapiNtB3_12OpenApiState8set_infoReB19_ECskUrfimKodYj_7openapi
FN:34,_RINvMNtCs48DirCyJvRj_14serverust_core7openapiNtB3_12OpenApiState14push_operationReECscLdKtsmgLwB_6routes
FN:34,_RINvMNtCsxTK3UuVl36_14serverust_core7openapiNtB3_12OpenApiState14push_operationpEB5_
FN:43,_RINvMNtCsxTK3UuVl36_14serverust_core7openapiNtB3_12OpenApiState15register_schemapEB5_
FN:29,_RINvMNtCsxTK3UuVl36_14serverust_core7openapiNtB3_12OpenApiState8set_infoppEB5_
FN:51,_RNCNvMNtCsxTK3UuVl36_14serverust_core7openapiNtB4_12OpenApiState5build0B6_
FN:52,_RNCNvMNtCsxTK3UuVl36_14serverust_core7openapiNtB4_12OpenApiState5builds_0B6_
FN:49,_RNvMNtCsxTK3UuVl36_14serverust_core7openapiNtB2_12OpenApiState5build
FN:115,_RNvNtCsxTK3UuVl36_14serverust_core7openapi10redoc_html
FN:94,_RNvNtCsxTK3UuVl36_14serverust_core7openapi15swagger_ui_html
FN:34,_RINvMNtCs48DirCyJvRj_14serverust_core7openapiNtB3_12OpenApiState14push_operationReECs519DY66AvdU_10validation
FNDA:0,_RINvMNtCs48DirCyJvRj_14serverust_core7openapiNtB3_12OpenApiState14push_operationpEB5_
FNDA:0,_RINvMNtCs48DirCyJvRj_14serverust_core7openapiNtB3_12OpenApiState15register_schemapEB5_
FNDA:0,_RINvMNtCs48DirCyJvRj_14serverust_core7openapiNtB3_12OpenApiState8set_infoppEB5_
FNDA:26,_RNCNvMNtCs48DirCyJvRj_14serverust_core7openapiNtB4_12OpenApiState5build0B6_
FNDA:26,_RNCNvMNtCs48DirCyJvRj_14serverust_core7openapiNtB4_12OpenApiState5builds_0B6_
FNDA:3,_RINvMNtCs48DirCyJvRj_14serverust_core7openapiNtB3_12OpenApiState14push_operationReECshLAwEdPqYVC_2di
FNDA:27,_RNvMNtCs48DirCyJvRj_14serverust_core7openapiNtB2_12OpenApiState5build
FNDA:27,_RNvNtCs48DirCyJvRj_14serverust_core7openapi10redoc_html
FNDA:27,_RNvNtCs48DirCyJvRj_14serverust_core7openapi15swagger_ui_html
FNDA:1,_RINvMNtCs48DirCyJvRj_14serverust_core7openapiNtB3_12OpenApiState14push_operationReECs7Z15wTaAmyv_6events
FNDA:6,_RINvMNtCs48DirCyJvRj_14serverust_core7openapiNtB3_12OpenApiState14push_operationReECsGDJniQql7C_10middleware
FNDA:9,_RINvMNtCs48DirCyJvRj_14serverust_core7openapiNtB3_12OpenApiState14push_operationReECskUrfimKodYj_7openapi
FNDA:1,_RINvMNtCs48DirCyJvRj_14serverust_core7openapiNtB3_12OpenApiState15register_schemaNtCskUrfimKodYj_7openapi10CreateUserEB1j_
FNDA:1,_RINvMNtCs48DirCyJvRj_14serverust_core7openapiNtB3_12OpenApiState8set_infoReB19_ECskUrfimKodYj_7openapi
FNDA:8,_RINvMNtCs48DirCyJvRj_14serverust_core7openapiNtB3_12OpenApiState14push_operationReECscLdKtsmgLwB_6routes
FNDA:0,_RINvMNtCsxTK3UuVl36_14serverust_core7openapiNtB3_12OpenApiState14push_operationpEB5_
FNDA:0,_RINvMNtCsxTK3UuVl36_14serverust_core7openapiNtB3_12OpenApiState15register_schemapEB5_
FNDA:0,_RINvMNtCsxTK3UuVl36_14serverust_core7openapiNtB3_12OpenApiState8set_infoppEB5_
FNDA:0,_RNCNvMNtCsxTK3UuVl36_14serverust_core7openapiNtB4_12OpenApiState5build0B6_
FNDA:0,_RNCNvMNtCsxTK3UuVl36_14serverust_core7openapiNtB4_12OpenApiState5builds_0B6_
FNDA:0,_RNvMNtCsxTK3UuVl36_14serverust_core7openapiNtB2_12OpenApiState5build
FNDA:0,_RNvNtCsxTK3UuVl36_14serverust_core7openapi10redoc_html
FNDA:0,_RNvNtCsxTK3UuVl36_14serverust_core7openapi15swagger_ui_html
FNDA:4,_RINvMNtCs48DirCyJvRj_14serverust_core7openapiNtB3_12OpenApiState14push_operationReECs519DY66AvdU_10validation
FNF:8
FNH:8
DA:29,1
DA:30,1
DA:31,1
DA:32,1
DA:34,31
DA:35,31
DA:36,31
DA:37,31
DA:38,31
DA:39,31
DA:40,31
DA:41,31
DA:43,1
DA:44,1
DA:45,1
DA:46,1
DA:47,1
DA:49,27
DA:50,27
DA:51,27
DA:52,27
DA:53,27
DA:56,27
DA:57,31
DA:58,31
DA:59,31
DA:60,31
DA:61,31
DA:62,31
DA:64,27
DA:65,31
DA:66,31
DA:67,31
DA:68,31
DA:69,31
DA:70,31
DA:71,31
DA:73,27
DA:75,27
DA:76,26
DA:78,1
DA:79,1
DA:80,1
DA:81,1
DA:82,1
DA:85,27
DA:86,27
DA:87,27
DA:88,27
DA:89,27
DA:90,27
DA:94,27
DA:95,27
DA:112,27
DA:115,27
DA:116,27
DA:129,27
BRF:0
BRH:0
LF:59
LH:59
end_of_record
SF:/mnt/xs1000/me/serverust/serverust-core/src/pipeline.rs
FN:54,_RNCNvXININtCs48DirCyJvRj_14serverust_core8pipeline0ppEINtB7_10GuardCheckpEINtNtCsbvwRETa9JbF_9axum_core7extract16FromRequestPartspE18from_request_parts0B9_
FN:91,_RNCNvXININtCs48DirCyJvRj_14serverust_core8pipelines_0ppEINtB7_8PipePathpEINtNtCsbvwRETa9JbF_9axum_core7extract16FromRequestPartspE18from_request_parts0B9_
FN:54,_RNvXININtCs48DirCyJvRj_14serverust_core8pipeline0ppEINtB5_10GuardCheckpEINtNtCsbvwRETa9JbF_9axum_core7extract16FromRequestPartspE18from_request_partsB7_
FN:91,_RNvXININtCs48DirCyJvRj_14serverust_core8pipelines_0ppEINtB5_8PipePathpEINtNtCsbvwRETa9JbF_9axum_core7extract16FromRequestPartspE18from_request_partsB7_
FN:108,_RNCNvXs0_NtCs48DirCyJvRj_14serverust_core8pipelineNtB7_13ParseUuidPipeINtB7_4PipeNtNtCsj0gLuUEfogP_5alloc6string6StringE9transform0B9_
FN:54,_RNCNvXNtCs48DirCyJvRj_14serverust_core8pipelineINtB4_10GuardCheckNtCsGDJniQql7C_10middleware9AuthGuardEINtNtCsbvwRETa9JbF_9axum_core7extract16FromRequestPartsNtNtB6_9container9ContainerE18from_request_parts0B13_
FN:91,_RNCNvXs_NtCs48DirCyJvRj_14serverust_core8pipelineINtB6_8PipePathNtB6_13ParseUuidPipeEINtNtCsbvwRETa9JbF_9axum_core7extract16FromRequestPartsNtNtB8_9container9ContainerE18from_request_parts0CsGDJniQql7C_10middleware
FN:54,_RNvXNtCs48DirCyJvRj_14serverust_core8pipelineINtB2_10GuardCheckNtCsGDJniQql7C_10middleware9AuthGuardEINtNtCsbvwRETa9JbF_9axum_core7extract16FromRequestPartsNtNtB4_9container9ContainerE18from_request_partsB11_
FN:91,_RNvXs_NtCs48DirCyJvRj_14serverust_core8pipelineINtB4_8PipePathNtB4_13ParseUuidPipeEINtNtCsbvwRETa9JbF_9axum_core7extract16FromRequestPartsNtNtB6_9container9ContainerE18from_request_partsCsGDJniQql7C_10middleware
FN:107,_RNvXs0_NtCs48DirCyJvRj_14serverust_core8pipelineNtB5_13ParseUuidPipeINtB5_4PipeNtNtCsj0gLuUEfogP_5alloc6string6StringE9transform
FN:54,_RNCNvXININtCsxTK3UuVl36_14serverust_core8pipeline0ppEINtB7_10GuardCheckpEINtNtCsbvwRETa9JbF_9axum_core7extract16FromRequestPartspE18from_request_parts0B9_
FN:91,_RNCNvXININtCsxTK3UuVl36_14serverust_core8pipelines_0ppEINtB7_8PipePathpEINtNtCsbvwRETa9JbF_9axum_core7extract16FromRequestPartspE18from_request_parts0B9_
FN:108,_RNCNvXs0_NtCsxTK3UuVl36_14serverust_core8pipelineNtB7_13ParseUuidPipeINtB7_4PipeNtNtCsj0gLuUEfogP_5alloc6string6StringE9transform0B9_
FN:54,_RNvXININtCsxTK3UuVl36_14serverust_core8pipeline0ppEINtB5_10GuardCheckpEINtNtCsbvwRETa9JbF_9axum_core7extract16FromRequestPartspE18from_request_partsB7_
FN:91,_RNvXININtCsxTK3UuVl36_14serverust_core8pipelines_0ppEINtB5_8PipePathpEINtNtCsbvwRETa9JbF_9axum_core7extract16FromRequestPartspE18from_request_partsB7_
FN:107,_RNvXs0_NtCsxTK3UuVl36_14serverust_core8pipelineNtB5_13ParseUuidPipeINtB5_4PipeNtNtCsj0gLuUEfogP_5alloc6string6StringE9transform
FNDA:0,_RNCNvXININtCs48DirCyJvRj_14serverust_core8pipeline0ppEINtB7_10GuardCheckpEINtNtCsbvwRETa9JbF_9axum_core7extract16FromRequestPartspE18from_request_parts0B9_
FNDA:0,_RNCNvXININtCs48DirCyJvRj_14serverust_core8pipelines_0ppEINtB7_8PipePathpEINtNtCsbvwRETa9JbF_9axum_core7extract16FromRequestPartspE18from_request_parts0B9_
FNDA:0,_RNvXININtCs48DirCyJvRj_14serverust_core8pipeline0ppEINtB5_10GuardCheckpEINtNtCsbvwRETa9JbF_9axum_core7extract16FromRequestPartspE18from_request_partsB7_
FNDA:0,_RNvXININtCs48DirCyJvRj_14serverust_core8pipelines_0ppEINtB5_8PipePathpEINtNtCsbvwRETa9JbF_9axum_core7extract16FromRequestPartspE18from_request_partsB7_
FNDA:2,_RNCNvXs0_NtCs48DirCyJvRj_14serverust_core8pipelineNtB7_13ParseUuidPipeINtB7_4PipeNtNtCsj0gLuUEfogP_5alloc6string6StringE9transform0B9_
FNDA:5,_RNCNvXNtCs48DirCyJvRj_14serverust_core8pipelineINtB4_10GuardCheckNtCsGDJniQql7C_10middleware9AuthGuardEINtNtCsbvwRETa9JbF_9axum_core7extract16FromRequestPartsNtNtB6_9container9ContainerE18from_request_parts0B13_
FNDA:4,_RNCNvXs_NtCs48DirCyJvRj_14serverust_core8pipelineINtB6_8PipePathNtB6_13ParseUuidPipeEINtNtCsbvwRETa9JbF_9axum_core7extract16FromRequestPartsNtNtB8_9container9ContainerE18from_request_parts0CsGDJniQql7C_10middleware
FNDA:5,_RNvXNtCs48DirCyJvRj_14serverust_core8pipelineINtB2_10GuardCheckNtCsGDJniQql7C_10middleware9AuthGuardEINtNtCsbvwRETa9JbF_9axum_core7extract16FromRequestPartsNtNtB4_9container9ContainerE18from_request_partsB11_
FNDA:4,_RNvXs_NtCs48DirCyJvRj_14serverust_core8pipelineINtB4_8PipePathNtB4_13ParseUuidPipeEINtNtCsbvwRETa9JbF_9axum_core7extract16FromRequestPartsNtNtB6_9container9ContainerE18from_request_partsCsGDJniQql7C_10middleware
FNDA:4,_RNvXs0_NtCs48DirCyJvRj_14serverust_core8pipelineNtB5_13ParseUuidPipeINtB5_4PipeNtNtCsj0gLuUEfogP_5alloc6string6StringE9transform
FNDA:0,_RNCNvXININtCsxTK3UuVl36_14serverust_core8pipeline0ppEINtB7_10GuardCheckpEINtNtCsbvwRETa9JbF_9axum_core7extract16FromRequestPartspE18from_request_parts0B9_
FNDA:0,_RNCNvXININtCsxTK3UuVl36_14serverust_core8pipelines_0ppEINtB7_8PipePathpEINtNtCsbvwRETa9JbF_9axum_core7extract16FromRequestPartspE18from_request_parts0B9_
FNDA:0,_RNCNvXs0_NtCsxTK3UuVl36_14serverust_core8pipelineNtB7_13ParseUuidPipeINtB7_4PipeNtNtCsj0gLuUEfogP_5alloc6string6StringE9transform0B9_
FNDA:0,_RNvXININtCsxTK3UuVl36_14serverust_core8pipeline0ppEINtB5_10GuardCheckpEINtNtCsbvwRETa9JbF_9axum_core7extract16FromRequestPartspE18from_request_partsB7_
FNDA:0,_RNvXININtCsxTK3UuVl36_14serverust_core8pipelines_0ppEINtB5_8PipePathpEINtNtCsbvwRETa9JbF_9axum_core7extract16FromRequestPartspE18from_request_partsB7_
FNDA:0,_RNvXs0_NtCsxTK3UuVl36_14serverust_core8pipelineNtB5_13ParseUuidPipeINtB5_4PipeNtNtCsj0gLuUEfogP_5alloc6string6StringE9transform
FNF:6
FNH:6
DA:54,5
DA:55,5
DA:56,3
DA:57,5
DA:91,4
DA:92,4
DA:93,4
DA:94,4
DA:95,4
DA:96,2
DA:97,4
DA:107,4
DA:108,4
DA:109,2
DA:110,2
DA:111,2
DA:113,2
DA:114,2
DA:115,4
BRF:0
BRH:0
LF:22
LH:22
end_of_record
SF:/mnt/xs1000/me/serverust/serverust-core/src/route.rs
FN:18,_RNvMNtCs48DirCyJvRj_14serverust_core5routeNtB2_5Route3new
FN:18,_RNvMNtCsxTK3UuVl36_14serverust_core5routeNtB2_5Route3new
FNDA:31,_RNvMNtCs48DirCyJvRj_14serverust_core5routeNtB2_5Route3new
FNDA:0,_RNvMNtCsxTK3UuVl36_14serverust_core5routeNtB2_5Route3new
FNF:1
FNH:1
DA:18,31
DA:19,31
DA:20,31
DA:21,31
DA:22,31
DA:23,31
DA:24,31
DA:25,31
DA:26,31
DA:27,31
DA:28,31
DA:29,31
DA:30,31
BRF:0
BRH:0
LF:13
LH:13
end_of_record
SF:/mnt/xs1000/me/serverust/serverust-core/src/validation.rs
FN:56,_RNCNvXININtCs48DirCyJvRj_14serverust_core10validation0ppEINtB7_4JsonpEINtNtCsbvwRETa9JbF_9axum_core7extract11FromRequestpE12from_request0B9_
FN:56,_RNvXININtCs48DirCyJvRj_14serverust_core10validation0ppEINtB5_4JsonpEINtNtCsbvwRETa9JbF_9axum_core7extract11FromRequestpE12from_requestB7_
FN:69,_RNvXININtCs48DirCyJvRj_14serverust_core10validations_0pEINtB5_4JsonpENtNtNtCsbvwRETa9JbF_9axum_core8response13into_response12IntoResponse13into_responseB7_
FN:56,_RNCNvXNtCs48DirCyJvRj_14serverust_core10validationINtB4_4JsonNtCskUrfimKodYj_7openapi10CreateUserEINtNtCsbvwRETa9JbF_9axum_core7extract11FromRequestNtNtB6_9container9ContainerE12from_request0BZ_
FN:56,_RNvXNtCs48DirCyJvRj_14serverust_core10validationINtB2_4JsonNtCskUrfimKodYj_7openapi10CreateUserEINtNtCsbvwRETa9JbF_9axum_core7extract11FromRequestNtNtB4_9container9ContainerE12from_requestBX_
FN:69,_RNvXs_NtCs48DirCyJvRj_14serverust_core10validationINtB4_4JsonNtCskUrfimKodYj_7openapi10CreateUserENtNtNtCsbvwRETa9JbF_9axum_core8response13into_response12IntoResponse13into_responseBZ_
FN:56,_RNCNvXNtCs48DirCyJvRj_14serverust_core10validationINtB4_4JsonNtCscLdKtsmgLwB_6routes10CreateUserEINtNtCsbvwRETa9JbF_9axum_core7extract11FromRequestNtNtB6_9container9ContainerE12from_request0BZ_
FN:56,_RNvXNtCs48DirCyJvRj_14serverust_core10validationINtB2_4JsonNtCscLdKtsmgLwB_6routes10CreateUserEINtNtCsbvwRETa9JbF_9axum_core7extract11FromRequestNtNtB4_9container9ContainerE12from_requestBX_
FN:69,_RNvXs_NtCs48DirCyJvRj_14serverust_core10validationINtB4_4JsonNtCscLdKtsmgLwB_6routes10CreateUserENtNtNtCsbvwRETa9JbF_9axum_core8response13into_response12IntoResponse13into_responseBZ_
FN:56,_RNCNvXININtCsxTK3UuVl36_14serverust_core10validation0ppEINtB7_4JsonpEINtNtCsbvwRETa9JbF_9axum_core7extract11FromRequestpE12from_request0B9_
FN:56,_RNvXININtCsxTK3UuVl36_14serverust_core10validation0ppEINtB5_4JsonpEINtNtCsbvwRETa9JbF_9axum_core7extract11FromRequestpE12from_requestB7_
FN:69,_RNvXININtCsxTK3UuVl36_14serverust_core10validations_0pEINtB5_4JsonpENtNtNtCsbvwRETa9JbF_9axum_core8response13into_response12IntoResponse13into_responseB7_
FN:56,_RNCNvXNtCs48DirCyJvRj_14serverust_core10validationINtB4_4JsonNtCs519DY66AvdU_10validation10SignupBodyEINtNtCsbvwRETa9JbF_9axum_core7extract11FromRequestNtNtB6_9container9ContainerE12from_request0BZ_
FN:56,_RNvXNtCs48DirCyJvRj_14serverust_core10validationINtB2_4JsonNtCs519DY66AvdU_10validation10SignupBodyEINtNtCsbvwRETa9JbF_9axum_core7extract11FromRequestNtNtB4_9container9ContainerE12from_requestBX_
FN:69,_RNvXs_NtCs48DirCyJvRj_14serverust_core10validationINtB4_4JsonNtCs519DY66AvdU_10validation10SignupBodyENtNtNtCsbvwRETa9JbF_9axum_core8response13into_response12IntoResponse13into_responseBZ_
FNDA:0,_RNCNvXININtCs48DirCyJvRj_14serverust_core10validation0ppEINtB7_4JsonpEINtNtCsbvwRETa9JbF_9axum_core7extract11FromRequestpE12from_request0B9_
FNDA:0,_RNvXININtCs48DirCyJvRj_14serverust_core10validation0ppEINtB5_4JsonpEINtNtCsbvwRETa9JbF_9axum_core7extract11FromRequestpE12from_requestB7_
FNDA:0,_RNvXININtCs48DirCyJvRj_14serverust_core10validations_0pEINtB5_4JsonpENtNtNtCsbvwRETa9JbF_9axum_core8response13into_response12IntoResponse13into_responseB7_
FNDA:0,_RNCNvXNtCs48DirCyJvRj_14serverust_core10validationINtB4_4JsonNtCskUrfimKodYj_7openapi10CreateUserEINtNtCsbvwRETa9JbF_9axum_core7extract11FromRequestNtNtB6_9container9ContainerE12from_request0BZ_
FNDA:0,_RNvXNtCs48DirCyJvRj_14serverust_core10validationINtB2_4JsonNtCskUrfimKodYj_7openapi10CreateUserEINtNtCsbvwRETa9JbF_9axum_core7extract11FromRequestNtNtB4_9container9ContainerE12from_requestBX_
FNDA:0,_RNvXs_NtCs48DirCyJvRj_14serverust_core10validationINtB4_4JsonNtCskUrfimKodYj_7openapi10CreateUserENtNtNtCsbvwRETa9JbF_9axum_core8response13into_response12IntoResponse13into_responseBZ_
FNDA:1,_RNCNvXNtCs48DirCyJvRj_14serverust_core10validationINtB4_4JsonNtCscLdKtsmgLwB_6routes10CreateUserEINtNtCsbvwRETa9JbF_9axum_core7extract11FromRequestNtNtB6_9container9ContainerE12from_request0BZ_
FNDA:1,_RNvXNtCs48DirCyJvRj_14serverust_core10validationINtB2_4JsonNtCscLdKtsmgLwB_6routes10CreateUserEINtNtCsbvwRETa9JbF_9axum_core7extract11FromRequestNtNtB4_9container9ContainerE12from_requestBX_
FNDA:1,_RNvXs_NtCs48DirCyJvRj_14serverust_core10validationINtB4_4JsonNtCscLdKtsmgLwB_6routes10CreateUserENtNtNtCsbvwRETa9JbF_9axum_core8response13into_response12IntoResponse13into_responseBZ_
FNDA:0,_RNCNvXININtCsxTK3UuVl36_14serverust_core10validation0ppEINtB7_4JsonpEINtNtCsbvwRETa9JbF_9axum_core7extract11FromRequestpE12from_request0B9_
FNDA:0,_RNvXININtCsxTK3UuVl36_14serverust_core10validation0ppEINtB5_4JsonpEINtNtCsbvwRETa9JbF_9axum_core7extract11FromRequestpE12from_requestB7_
FNDA:0,_RNvXININtCsxTK3UuVl36_14serverust_core10validations_0pEINtB5_4JsonpENtNtNtCsbvwRETa9JbF_9axum_core8response13into_response12IntoResponse13into_responseB7_
FNDA:4,_RNCNvXNtCs48DirCyJvRj_14serverust_core10validationINtB4_4JsonNtCs519DY66AvdU_10validation10SignupBodyEINtNtCsbvwRETa9JbF_9axum_core7extract11FromRequestNtNtB6_9container9ContainerE12from_request0BZ_
FNDA:4,_RNvXNtCs48DirCyJvRj_14serverust_core10validationINtB2_4JsonNtCs519DY66AvdU_10validation10SignupBodyEINtNtCsbvwRETa9JbF_9axum_core7extract11FromRequestNtNtB4_9container9ContainerE12from_requestBX_
FNDA:1,_RNvXs_NtCs48DirCyJvRj_14serverust_core10validationINtB4_4JsonNtCs519DY66AvdU_10validation10SignupBodyENtNtNtCsbvwRETa9JbF_9axum_core8response13into_response12IntoResponse13into_responseBZ_
FNF:3
FNH:3
DA:56,5
DA:57,5
DA:58,5
DA:59,5
DA:61,5
DA:62,4
DA:63,1
DA:65,5
DA:69,2
DA:70,2
DA:71,2
BRF:0
BRH:0
LF:12
LH:12
end_of_record